1701390631.640366: 22896-7f45653bb0c0: cdpl_log.c:228: in cdpl_log_open(): info: @@start_of_log@@
1701390631.640389: 22896-7f45653bb0c0: cdpl_log.c:866: in cdpl_log_dump_sysinfo(): info: time: 2023/11/30 18:30:31 CST -0600
1701390631.640394: 22896-7f45653bb0c0: cdpl_log.c:868: in cdpl_log_dump_sysinfo(): info: version: T-2022.03 
1701390631.640396: 22896-7f45653bb0c0: cdpl_log.c:870: in cdpl_log_dump_sysinfo(): info: system: Linux 3.10.0-1160.95.1.el7.x86_64 #1 SMP Fri Jun 23 08:44:55 EDT 2023
1701390631.640397: 22896-7f45653bb0c0: cdpl_log.c:875: in cdpl_log_dump_sysinfo(): info: processor: x86_64 64-bits
1701390631.640399: 22896-7f45653bb0c0: cdpl_log.c:879: in cdpl_log_dump_sysinfo(): info: hostname: engnx03a.utdallas.edu
1701390631.640401: 22896-7f45653bb0c0: cdpl_log.c:230: in cdpl_log_open(): debug: path: /home/eng/a/axk220238/vlsi/cad/gf65/primelib_gf65_axk220238_axk230133/INV/runtime/cdpl/pid22896/master.engnx03a.utdallas.edu.22896.log
1701390631.640403: 22896-7f45653bb0c0: cdpl_log.c:231: in cdpl_log_open(): debug: dir: /home/eng/a/axk220238/vlsi/cad/gf65/primelib_gf65_axk220238_axk230133/INV/runtime/cdpl/pid22896
1701390631.640407: 22896-7f45653bb0c0: cdpl_log.c:758: in cdpl_log_set_filter(): info: filter level 1
1701390631.640424: 22896-7f45653bb0c0: cdpl_server.c:543: in cdpl_sv_init(): info: new server S1194559122
1701390631.640432: 22896-7f45653bb0c0: cdpl_ipc.c:3030: in cdpl_ipc_init(): info: requesting IPv4 protocol
1701390631.641419: 22896-7f45653bb0c0: cdpl_ipc.c:800: in _selectaddrfamily(): info: selected IPv4 protocol
1701390631.641773: 22896-7f45653bb0c0: cdpl_server.c:657: in cdpl_sv_new_master(): info: new master M1
1701390631.641785: 22896-7f45653bb0c0: cdpl_server.c:5494: in cdpl_sv_ctl_master(): info: Setting worker heartbeat to 60 seconds
1701390631.641787: 22896-7f45653bb0c0: cdpl_server.c:5503: in cdpl_sv_ctl_master(): info: Setting worker heartbeat timeout to 3 heartbeats
1701390631.641790: 22896-7f45653bb0c0: cdpl_compat_master.c:2407: in cdplInitMaster(): info: bcast dir is `/dev/null'
1701390631.641829: 22896-7f45653bb0c0: cdpl_server.c:5394: in cdpl_sv_ctl_master(): info: farm worker timeout set to 36000
1701390631.641831: 22896-7f45653bb0c0: cdpl_server.c:5410: in cdpl_sv_ctl_master(): info: grid worker timeout set to 36000
1701390631.641832: 22896-7f45653bb0c0: cdpl_server.c:5438: in cdpl_sv_ctl_master(): info: farm submit command failure threshold set to 100
1701390631.641856: 22896-7f45653bb0c0: cdpl_farm.c:2268: in cdpl_farm_new_sh(): info: creating SH farm on localhost
1701390631.641866: 22896-7f45653bb0c0: cdpl_compat_master.c:207: in _set_farm_env(): info: exporting CDPL_LOGDIR as `/home/eng/a/axk220238/vlsi/cad/gf65/primelib_gf65_axk220238_axk230133/INV/runtime/cdpl/pid22896'
1701390631.641869: 22896-7f45653bb0c0: cdpl_compat_master.c:213: in _set_farm_env(): info: exporting CDPL_TMPDIR as `/var/tmp'
1701390631.641871: 22896-7f45653bb0c0: cdpl_compat_master.c:220: in _set_farm_env(): info: exporting CDPL_HOME as `/proj/cad/synopsys/synopsys_2021/primelib/T-2022.03-SP1/cdpl_runtime_linux64'
1701390631.641873: 22896-7f45653bb0c0: cdpl_compat_master.c:227: in _set_farm_env(): info: exporting SNPSLMD_LICENSE_FILE as `1700@engdmv.utdallas.edu'
1701390631.641876: 22896-7f45653bb0c0: cdpl_compat_master.c:247: in _set_farm_env(): info: exporting CDPL_OPTIONS as `[filter][nowlogs]'
1701390631.641878: 22896-7f45653bb0c0: cdpl_compat_master.c:254: in _set_farm_env(): info: exporting DISPLAY as `:1015'
1701390631.641879: 22896-7f45653bb0c0: cdpl_compat_master.c:262: in _set_farm_env(): info: exporting CDPL_HEARTBEAT as `60'
1701390631.641882: 22896-7f45653bb0c0: cdpl_compat_master.c:348: in _set_farm_env(): info: exporting SIS_MALIBU as `2'
1701390631.641884: 22896-7f45653bb0c0: cdpl_compat_master.c:348: in _set_farm_env(): info: exporting SIS_CDPL as `5'
1701390631.681432: 22896-7f45653bb0c0: cdpl_server.c:738: in cdpl_sv_new_job(): info: new job J1 in M1
1701390631.681449: 22896-7f45653bb0c0: cdpl_compat_master.c:1314: in _add_worker(): info: new worker type 100, min:1, max:1, cmd:`/home/eng/a/axk220238/vlsi/cad/gf65/primelib_gf65_axk220238_axk230133/INV/runtime/cdpl/pid22896/run_22896.sh'
1701390631.681459: 22896-7f45653bb0c0: cdpl_server.c:900: in cdpl_sv_new_bin_withfarm(): info: new bin B1 in J1
1701390631.686629: 22896-7f45653bb0c0: cdpl_server.c:3116: in cdpl_sv_start_job(): info: starting job J1
1701390631.695482: 22896-7f45653bb0c0: cdpl_server.c:1824: in _sv_gen_task(): info: new task T0 in B1 (prio 3)
1701390631.695492: 22896-7f45653bb0c0: cdpl_server.c:2558: in cdpl_sv_label_task_va(): info: setting task T0 label to "leakage_power__ACQ_1 of INV"
1701390631.695545: 22896-7f45653bb0c0: cdpl_server.c:1824: in _sv_gen_task(): info: new task T1 in B1 (prio 5)
1701390631.695612: 22896-7f454d0c0700: cdpl_server_sched.c:700: in _sv_launch_worker(): info: started worker W1 (as C1) in bin B1
1701390631.695636: 22896-7f45653bb0c0: cdpl_server.c:2558: in cdpl_sv_label_task_va(): info: setting task T1 label to "Cin__VSS__lh__ACQ_1 of INV"
1701390631.695652: 22896-7f454c8bf700: cdpl_farm.c:1899: in _schedule(): info: worker submit failure threshold set to 100
1701390631.695682: 22896-7f454c8bf700: cdpl_sh.c:49: in _sh_detached_submit(): info: SH : /home/eng/a/axk220238/vlsi/cad/gf65/primelib_gf65_axk220238_axk230133/INV/runtime/cdpl/pid22896/run_22896.sh
1701390631.695685: 22896-7f45653bb0c0: cdpl_server.c:1824: in _sv_gen_task(): info: new task T2 in B1 (prio 5)
1701390631.695691: 22896-7f45653bb0c0: cdpl_server.c:2558: in cdpl_sv_label_task_va(): info: setting task T2 label to "Cin__VSS__hl__ACQ_1 of INV"
1701390631.698926: 22896-7f45653bb0c0: cdpl_server.c:1824: in _sv_gen_task(): info: new task T3 in B1 (prio 2)
1701390631.698963: 22896-7f45653bb0c0: cdpl_server.c:2558: in cdpl_sv_label_task_va(): info: setting task T3 label to "delay__IN1__lh__OUT__hl__ACQ_1 of INV"
1701390631.699203: 22896-7f45653bb0c0: cdpl_server.c:1824: in _sv_gen_task(): info: new task T4 in B1 (prio 2)
1701390631.699209: 22896-7f45653bb0c0: cdpl_server.c:2558: in cdpl_sv_label_task_va(): info: setting task T4 label to "delay__IN1__hl__OUT__lh__ACQ_1 of INV"
1701390631.699249: 22896-7f45653bb0c0: cdpl_server.c:1824: in _sv_gen_task(): info: new task T5 in B1 (prio 5)
1701390631.699252: 22896-7f45653bb0c0: cdpl_server.c:2558: in cdpl_sv_label_task_va(): info: setting task T5 label to "Cin__VDD__lh__ACQ_1 of INV"
1701390631.699284: 22896-7f45653bb0c0: cdpl_server.c:1824: in _sv_gen_task(): info: new task T6 in B1 (prio 5)
1701390631.699286: 22896-7f45653bb0c0: cdpl_server.c:2558: in cdpl_sv_label_task_va(): info: setting task T6 label to "Cin__VDD__hl__ACQ_1 of INV"
1701390632.343284: 22896-7f454d8c1700: cdpl_server_ipc.c:452: in _sv_on_hello(): info: W1 is `10.182.66.68:39538'
1701390632.343309: 22896-7f454d8c1700: cdpl_server_ipc.c:454: in _sv_on_hello(): info: W1 log file is /dev/null
1701390632.343319: 22896-7f454d8c1700: cdpl_server_ipc.c:481: in _sv_on_hello(): info: up to 1 alive workers in B1
1701390632.343392: 22896-7f454d0c0700: cdpl_server_sched.c:955: in _assign(): info: assigning task T3 to worker W1
1701390639.668479: 22896-7f454d8c1700: cdpl_server_ipc.c:857: in _sv_on_finish(): info: worker W1 completed task T3
1701390639.668739: 22896-7f454d0c0700: cdpl_server_sched.c:955: in _assign(): info: assigning task T4 to worker W1
1701390646.624371: 22896-7f454d8c1700: cdpl_server_ipc.c:857: in _sv_on_finish(): info: worker W1 completed task T4
1701390646.624419: 22896-7f454d0c0700: cdpl_server_sched.c:955: in _assign(): info: assigning task T0 to worker W1
1701390653.504260: 22896-7f454d8c1700: cdpl_server_ipc.c:857: in _sv_on_finish(): info: worker W1 completed task T0
1701390653.504303: 22896-7f454d0c0700: cdpl_server_sched.c:955: in _assign(): info: assigning task T1 to worker W1
1701390660.273684: 22896-7f454d8c1700: cdpl_server_ipc.c:857: in _sv_on_finish(): info: worker W1 completed task T1
1701390660.273727: 22896-7f454d0c0700: cdpl_server_sched.c:955: in _assign(): info: assigning task T2 to worker W1
1701390667.053655: 22896-7f454d8c1700: cdpl_server_ipc.c:857: in _sv_on_finish(): info: worker W1 completed task T2
1701390667.053939: 22896-7f454d0c0700: cdpl_server_sched.c:955: in _assign(): info: assigning task T5 to worker W1
1701390674.010112: 22896-7f454d8c1700: cdpl_server_ipc.c:857: in _sv_on_finish(): info: worker W1 completed task T5
1701390674.010142: 22896-7f454d0c0700: cdpl_server_sched.c:955: in _assign(): info: assigning task T6 to worker W1
1701390680.788904: 22896-7f454d8c1700: cdpl_server_ipc.c:857: in _sv_on_finish(): info: worker W1 completed task T6
1701390691.940281: 22896-7f45653bb0c0: cdpl_compat_master.c:5152: in cdplMasterLogInfo(): info: [non-CDPL log entry] Ending current CDPL job
1701390691.940292: 22896-7f45653bb0c0: cdpl_server.c:2890: in cdpl_sv_halt_job_errno(): info: stopping job J1
1701390691.940386: 22896-7f454d0c0700: cdpl_server_sched.c:2711: in _sv_drop_worker(): info: down to 0 alive workers in B1
1701390691.940426: 22896-7f45653bb0c0: cdpl_server.c:2875: in cdpl_sv_halt_job_errno(): info: killing job J1
1701390691.940432: 22896-7f45653bb0c0: cdpl_server.c:288: in _sv_free_job(): info: freeing job J1
1701390691.940457: 22896-7f45653bb0c0: cdpl_farm.c:2395: in cdpl_farm_free(): info: freeing farm
1701390691.940640: 22896-7f45653bb0c0: cdpl_server.c:3011: in cdpl_sv_free(): info: freeing server S1194559122
1701390691.940643: 22896-7f45653bb0c0: cdpl_server.c:2976: in cdpl_sv_kill_errno(): info: killing server
1701390691.940739: 22896-7f45653bb0c0: cdpl_server.c:328: in _sv_free_master(): info: freeing master M1
1701390691.940772: 22896-7f45653bb0c0: cdpl_log.c:371: in cdpl_log_close(): info: @@end_of_log@@
