1701390425.676013: 9643-7fbb5327c0c0: cdpl_log.c:228: in cdpl_log_open(): info: @@start_of_log@@
1701390425.676044: 9643-7fbb5327c0c0: cdpl_log.c:866: in cdpl_log_dump_sysinfo(): info: time: 2023/11/30 18:27:05 CST -0600
1701390425.676049: 9643-7fbb5327c0c0: cdpl_log.c:868: in cdpl_log_dump_sysinfo(): info: version: T-2022.03 
1701390425.676052: 9643-7fbb5327c0c0: cdpl_log.c:870: in cdpl_log_dump_sysinfo(): info: system: Linux 3.10.0-1160.95.1.el7.x86_64 #1 SMP Fri Jun 23 08:44:55 EDT 2023
1701390425.676055: 9643-7fbb5327c0c0: cdpl_log.c:875: in cdpl_log_dump_sysinfo(): info: processor: x86_64 64-bits
1701390425.676057: 9643-7fbb5327c0c0: cdpl_log.c:879: in cdpl_log_dump_sysinfo(): info: hostname: engnx03a.utdallas.edu
1701390425.676059: 9643-7fbb5327c0c0: cdpl_log.c:230: in cdpl_log_open(): debug: path: /home/eng/a/axk220238/vlsi/cad/gf65/primelib_gf65_axk220238_axk230133/AOI21/runtime/cdpl/pid9643/master.engnx03a.utdallas.edu.9643.log
1701390425.676063: 9643-7fbb5327c0c0: cdpl_log.c:231: in cdpl_log_open(): debug: dir: /home/eng/a/axk220238/vlsi/cad/gf65/primelib_gf65_axk220238_axk230133/AOI21/runtime/cdpl/pid9643
1701390425.676070: 9643-7fbb5327c0c0: cdpl_log.c:758: in cdpl_log_set_filter(): info: filter level 1
1701390425.676094: 9643-7fbb5327c0c0: cdpl_server.c:543: in cdpl_sv_init(): info: new server S565382447
1701390425.676104: 9643-7fbb5327c0c0: cdpl_ipc.c:3030: in cdpl_ipc_init(): info: requesting IPv4 protocol
1701390425.676700: 9643-7fbb5327c0c0: cdpl_ipc.c:800: in _selectaddrfamily(): info: selected IPv4 protocol
1701390425.677005: 9643-7fbb5327c0c0: cdpl_server.c:657: in cdpl_sv_new_master(): info: new master M1
1701390425.677017: 9643-7fbb5327c0c0: cdpl_server.c:5494: in cdpl_sv_ctl_master(): info: Setting worker heartbeat to 60 seconds
1701390425.677020: 9643-7fbb5327c0c0: cdpl_server.c:5503: in cdpl_sv_ctl_master(): info: Setting worker heartbeat timeout to 3 heartbeats
1701390425.677023: 9643-7fbb5327c0c0: cdpl_compat_master.c:2407: in cdplInitMaster(): info: bcast dir is `/dev/null'
1701390425.677074: 9643-7fbb5327c0c0: cdpl_server.c:5394: in cdpl_sv_ctl_master(): info: farm worker timeout set to 36000
1701390425.677075: 9643-7fbb5327c0c0: cdpl_server.c:5410: in cdpl_sv_ctl_master(): info: grid worker timeout set to 36000
1701390425.677077: 9643-7fbb5327c0c0: cdpl_server.c:5438: in cdpl_sv_ctl_master(): info: farm submit command failure threshold set to 100
1701390425.677107: 9643-7fbb5327c0c0: cdpl_farm.c:2268: in cdpl_farm_new_sh(): info: creating SH farm on localhost
1701390425.677118: 9643-7fbb5327c0c0: cdpl_compat_master.c:207: in _set_farm_env(): info: exporting CDPL_LOGDIR as `/home/eng/a/axk220238/vlsi/cad/gf65/primelib_gf65_axk220238_axk230133/AOI21/runtime/cdpl/pid9643'
1701390425.677121: 9643-7fbb5327c0c0: cdpl_compat_master.c:213: in _set_farm_env(): info: exporting CDPL_TMPDIR as `/var/tmp'
1701390425.677123: 9643-7fbb5327c0c0: cdpl_compat_master.c:220: in _set_farm_env(): info: exporting CDPL_HOME as `/proj/cad/synopsys/synopsys_2021/primelib/T-2022.03-SP1/cdpl_runtime_linux64'
1701390425.677125: 9643-7fbb5327c0c0: cdpl_compat_master.c:227: in _set_farm_env(): info: exporting SNPSLMD_LICENSE_FILE as `1700@engdmv.utdallas.edu'
1701390425.677127: 9643-7fbb5327c0c0: cdpl_compat_master.c:247: in _set_farm_env(): info: exporting CDPL_OPTIONS as `[filter][nowlogs]'
1701390425.677129: 9643-7fbb5327c0c0: cdpl_compat_master.c:254: in _set_farm_env(): info: exporting DISPLAY as `:1015'
1701390425.677131: 9643-7fbb5327c0c0: cdpl_compat_master.c:262: in _set_farm_env(): info: exporting CDPL_HEARTBEAT as `60'
1701390425.677134: 9643-7fbb5327c0c0: cdpl_compat_master.c:348: in _set_farm_env(): info: exporting SIS_MALIBU as `2'
1701390425.677136: 9643-7fbb5327c0c0: cdpl_compat_master.c:348: in _set_farm_env(): info: exporting SIS_CDPL as `5'
1701390425.717811: 9643-7fbb5327c0c0: cdpl_server.c:738: in cdpl_sv_new_job(): info: new job J1 in M1
1701390425.717828: 9643-7fbb5327c0c0: cdpl_compat_master.c:1314: in _add_worker(): info: new worker type 100, min:1, max:1, cmd:`/home/eng/a/axk220238/vlsi/cad/gf65/primelib_gf65_axk220238_axk230133/AOI21/runtime/cdpl/pid9643/run_9643.sh'
1701390425.717836: 9643-7fbb5327c0c0: cdpl_server.c:900: in cdpl_sv_new_bin_withfarm(): info: new bin B1 in J1
1701390425.722944: 9643-7fbb5327c0c0: cdpl_server.c:3116: in cdpl_sv_start_job(): info: starting job J1
1701390425.730977: 9643-7fbb5327c0c0: cdpl_server.c:1824: in _sv_gen_task(): info: new task T0 in B1 (prio 2)
1701390425.730987: 9643-7fbb5327c0c0: cdpl_server.c:2558: in cdpl_sv_label_task_va(): info: setting task T0 label to "delay__IN3__lh__OUT__hl__ACQ_1 of AOI21"
1701390425.731038: 9643-7fbb5327c0c0: cdpl_server.c:1824: in _sv_gen_task(): info: new task T1 in B1 (prio 2)
1701390425.731130: 9643-7fbb3af81700: cdpl_server_sched.c:700: in _sv_launch_worker(): info: started worker W1 (as C1) in bin B1
1701390425.731159: 9643-7fbb5327c0c0: cdpl_server.c:2558: in cdpl_sv_label_task_va(): info: setting task T1 label to "delay__IN3__hl__OUT__lh__ACQ_1 of AOI21"
1701390425.731169: 9643-7fbb3a780700: cdpl_farm.c:1899: in _schedule(): info: worker submit failure threshold set to 100
1701390425.731186: 9643-7fbb3a780700: cdpl_sh.c:49: in _sh_detached_submit(): info: SH : /home/eng/a/axk220238/vlsi/cad/gf65/primelib_gf65_axk220238_axk230133/AOI21/runtime/cdpl/pid9643/run_9643.sh
1701390425.731193: 9643-7fbb5327c0c0: cdpl_server.c:1824: in _sv_gen_task(): info: new task T2 in B1 (prio 3)
1701390425.731197: 9643-7fbb5327c0c0: cdpl_server.c:2558: in cdpl_sv_label_task_va(): info: setting task T2 label to "leakage_power__ACQ_1 of AOI21"
1701390425.733742: 9643-7fbb5327c0c0: cdpl_server.c:1824: in _sv_gen_task(): info: new task T3 in B1 (prio 5)
1701390425.733756: 9643-7fbb5327c0c0: cdpl_server.c:2558: in cdpl_sv_label_task_va(): info: setting task T3 label to "Cin__VSS__lh__ACQ_1 of AOI21"
1701390425.733915: 9643-7fbb5327c0c0: cdpl_server.c:1824: in _sv_gen_task(): info: new task T4 in B1 (prio 5)
1701390425.733919: 9643-7fbb5327c0c0: cdpl_server.c:2558: in cdpl_sv_label_task_va(): info: setting task T4 label to "Cin__VSS__hl__ACQ_1 of AOI21"
1701390425.733962: 9643-7fbb5327c0c0: cdpl_server.c:1824: in _sv_gen_task(): info: new task T5 in B1 (prio 2)
1701390425.733965: 9643-7fbb5327c0c0: cdpl_server.c:2558: in cdpl_sv_label_task_va(): info: setting task T5 label to "delay__IN1__lh__OUT__hl__ACQ_1 of AOI21"
1701390425.734019: 9643-7fbb5327c0c0: cdpl_server.c:1824: in _sv_gen_task(): info: new task T6 in B1 (prio 2)
1701390425.734021: 9643-7fbb5327c0c0: cdpl_server.c:2558: in cdpl_sv_label_task_va(): info: setting task T6 label to "delay__IN1__hl__OUT__lh__ACQ_1 of AOI21"
1701390425.734088: 9643-7fbb5327c0c0: cdpl_server.c:1824: in _sv_gen_task(): info: new task T7 in B1 (prio 2)
1701390425.734094: 9643-7fbb5327c0c0: cdpl_server.c:2558: in cdpl_sv_label_task_va(): info: setting task T7 label to "delay__IN2__lh__OUT__hl__ACQ_1 of AOI21"
1701390425.734146: 9643-7fbb5327c0c0: cdpl_server.c:1824: in _sv_gen_task(): info: new task T8 in B1 (prio 2)
1701390425.734149: 9643-7fbb5327c0c0: cdpl_server.c:2558: in cdpl_sv_label_task_va(): info: setting task T8 label to "delay__IN2__hl__OUT__lh__ACQ_1 of AOI21"
1701390425.734180: 9643-7fbb5327c0c0: cdpl_server.c:1824: in _sv_gen_task(): info: new task T9 in B1 (prio 5)
1701390425.734182: 9643-7fbb5327c0c0: cdpl_server.c:2558: in cdpl_sv_label_task_va(): info: setting task T9 label to "Cin__VDD__lh__ACQ_1 of AOI21"
1701390425.734218: 9643-7fbb5327c0c0: cdpl_server.c:1824: in _sv_gen_task(): info: new task T10 in B1 (prio 5)
1701390425.734221: 9643-7fbb5327c0c0: cdpl_server.c:2558: in cdpl_sv_label_task_va(): info: setting task T10 label to "Cin__VDD__hl__ACQ_1 of AOI21"
1701390426.383989: 9643-7fbb3b782700: cdpl_server_ipc.c:452: in _sv_on_hello(): info: W1 is `10.182.66.68:55650'
1701390426.384008: 9643-7fbb3b782700: cdpl_server_ipc.c:454: in _sv_on_hello(): info: W1 log file is /dev/null
1701390426.384017: 9643-7fbb3b782700: cdpl_server_ipc.c:481: in _sv_on_hello(): info: up to 1 alive workers in B1
1701390426.384065: 9643-7fbb3af81700: cdpl_server_sched.c:955: in _assign(): info: assigning task T0 to worker W1
1701390433.702453: 9643-7fbb3b782700: cdpl_server_ipc.c:857: in _sv_on_finish(): info: worker W1 completed task T0
1701390433.702753: 9643-7fbb3af81700: cdpl_server_sched.c:955: in _assign(): info: assigning task T1 to worker W1
1701390440.471300: 9643-7fbb3b782700: cdpl_server_ipc.c:857: in _sv_on_finish(): info: worker W1 completed task T1
1701390440.471340: 9643-7fbb3af81700: cdpl_server_sched.c:955: in _assign(): info: assigning task T5 to worker W1
1701390447.643381: 9643-7fbb3b782700: cdpl_server_ipc.c:857: in _sv_on_finish(): info: worker W1 completed task T5
1701390447.643701: 9643-7fbb3af81700: cdpl_server_sched.c:955: in _assign(): info: assigning task T6 to worker W1
1701390454.906023: 9643-7fbb3b782700: cdpl_server_ipc.c:857: in _sv_on_finish(): info: worker W1 completed task T6
1701390454.906070: 9643-7fbb3af81700: cdpl_server_sched.c:955: in _assign(): info: assigning task T7 to worker W1
1701390462.353420: 9643-7fbb3b782700: cdpl_server_ipc.c:857: in _sv_on_finish(): info: worker W1 completed task T7
1701390462.353469: 9643-7fbb3af81700: cdpl_server_sched.c:955: in _assign(): info: assigning task T8 to worker W1
1701390469.529318: 9643-7fbb3b782700: cdpl_server_ipc.c:857: in _sv_on_finish(): info: worker W1 completed task T8
1701390469.529369: 9643-7fbb3af81700: cdpl_server_sched.c:955: in _assign(): info: assigning task T2 to worker W1
1701390476.442208: 9643-7fbb3b782700: cdpl_server_ipc.c:857: in _sv_on_finish(): info: worker W1 completed task T2
1701390476.442460: 9643-7fbb3af81700: cdpl_server_sched.c:955: in _assign(): info: assigning task T3 to worker W1
1701390483.251515: 9643-7fbb3b782700: cdpl_server_ipc.c:857: in _sv_on_finish(): info: worker W1 completed task T3
1701390483.251547: 9643-7fbb3af81700: cdpl_server_sched.c:955: in _assign(): info: assigning task T4 to worker W1
1701390490.141223: 9643-7fbb3b782700: cdpl_server_ipc.c:857: in _sv_on_finish(): info: worker W1 completed task T4
1701390490.141251: 9643-7fbb3af81700: cdpl_server_sched.c:955: in _assign(): info: assigning task T9 to worker W1
1701390497.044775: 9643-7fbb3b782700: cdpl_server_ipc.c:857: in _sv_on_finish(): info: worker W1 completed task T9
1701390497.044801: 9643-7fbb3af81700: cdpl_server_sched.c:955: in _assign(): info: assigning task T10 to worker W1
1701390504.004003: 9643-7fbb3b782700: cdpl_server_ipc.c:857: in _sv_on_finish(): info: worker W1 completed task T10
1701390516.118189: 9643-7fbb5327c0c0: cdpl_compat_master.c:5152: in cdplMasterLogInfo(): info: [non-CDPL log entry] Ending current CDPL job
1701390516.118199: 9643-7fbb5327c0c0: cdpl_server.c:2890: in cdpl_sv_halt_job_errno(): info: stopping job J1
1701390516.118271: 9643-7fbb3af81700: cdpl_server_sched.c:2711: in _sv_drop_worker(): info: down to 0 alive workers in B1
1701390516.118303: 9643-7fbb5327c0c0: cdpl_server.c:2875: in cdpl_sv_halt_job_errno(): info: killing job J1
1701390516.118307: 9643-7fbb5327c0c0: cdpl_server.c:288: in _sv_free_job(): info: freeing job J1
1701390516.118329: 9643-7fbb5327c0c0: cdpl_farm.c:2395: in cdpl_farm_free(): info: freeing farm
1701390516.118476: 9643-7fbb5327c0c0: cdpl_server.c:3011: in cdpl_sv_free(): info: freeing server S565382447
1701390516.118479: 9643-7fbb5327c0c0: cdpl_server.c:2976: in cdpl_sv_kill_errno(): info: killing server
1701390516.118905: 9643-7fbb5327c0c0: cdpl_server.c:328: in _sv_free_master(): info: freeing master M1
1701390516.118938: 9643-7fbb5327c0c0: cdpl_log.c:371: in cdpl_log_close(): info: @@end_of_log@@
