1701390943.546652: 10910-7f750d86b0c0: cdpl_log.c:228: in cdpl_log_open(): info: @@start_of_log@@
1701390943.546673: 10910-7f750d86b0c0: cdpl_log.c:866: in cdpl_log_dump_sysinfo(): info: time: 2023/11/30 18:35:43 CST -0600
1701390943.546677: 10910-7f750d86b0c0: cdpl_log.c:868: in cdpl_log_dump_sysinfo(): info: version: T-2022.03 
1701390943.546679: 10910-7f750d86b0c0: cdpl_log.c:870: in cdpl_log_dump_sysinfo(): info: system: Linux 3.10.0-1160.95.1.el7.x86_64 #1 SMP Fri Jun 23 08:44:55 EDT 2023
1701390943.546681: 10910-7f750d86b0c0: cdpl_log.c:875: in cdpl_log_dump_sysinfo(): info: processor: x86_64 64-bits
1701390943.546683: 10910-7f750d86b0c0: cdpl_log.c:879: in cdpl_log_dump_sysinfo(): info: hostname: engnx03a.utdallas.edu
1701390943.546685: 10910-7f750d86b0c0: cdpl_log.c:230: in cdpl_log_open(): debug: path: /home/eng/a/axk220238/vlsi/cad/gf65/primelib_gf65_axk220238_axk230133/XOR/runtime/cdpl/pid10910/master.engnx03a.utdallas.edu.10910.log
1701390943.546687: 10910-7f750d86b0c0: cdpl_log.c:231: in cdpl_log_open(): debug: dir: /home/eng/a/axk220238/vlsi/cad/gf65/primelib_gf65_axk220238_axk230133/XOR/runtime/cdpl/pid10910
1701390943.546693: 10910-7f750d86b0c0: cdpl_log.c:758: in cdpl_log_set_filter(): info: filter level 1
1701390943.546712: 10910-7f750d86b0c0: cdpl_server.c:543: in cdpl_sv_init(): info: new server S1885257710
1701390943.546720: 10910-7f750d86b0c0: cdpl_ipc.c:3030: in cdpl_ipc_init(): info: requesting IPv4 protocol
1701390943.547336: 10910-7f750d86b0c0: cdpl_ipc.c:800: in _selectaddrfamily(): info: selected IPv4 protocol
1701390943.548479: 10910-7f750d86b0c0: cdpl_server.c:657: in cdpl_sv_new_master(): info: new master M1
1701390943.548505: 10910-7f750d86b0c0: cdpl_server.c:5494: in cdpl_sv_ctl_master(): info: Setting worker heartbeat to 60 seconds
1701390943.548508: 10910-7f750d86b0c0: cdpl_server.c:5503: in cdpl_sv_ctl_master(): info: Setting worker heartbeat timeout to 3 heartbeats
1701390943.548514: 10910-7f750d86b0c0: cdpl_compat_master.c:2407: in cdplInitMaster(): info: bcast dir is `/dev/null'
1701390943.548603: 10910-7f750d86b0c0: cdpl_server.c:5394: in cdpl_sv_ctl_master(): info: farm worker timeout set to 36000
1701390943.548606: 10910-7f750d86b0c0: cdpl_server.c:5410: in cdpl_sv_ctl_master(): info: grid worker timeout set to 36000
1701390943.548609: 10910-7f750d86b0c0: cdpl_server.c:5438: in cdpl_sv_ctl_master(): info: farm submit command failure threshold set to 100
1701390943.548649: 10910-7f750d86b0c0: cdpl_farm.c:2268: in cdpl_farm_new_sh(): info: creating SH farm on localhost
1701390943.548667: 10910-7f750d86b0c0: cdpl_compat_master.c:207: in _set_farm_env(): info: exporting CDPL_LOGDIR as `/home/eng/a/axk220238/vlsi/cad/gf65/primelib_gf65_axk220238_axk230133/XOR/runtime/cdpl/pid10910'
1701390943.548671: 10910-7f750d86b0c0: cdpl_compat_master.c:213: in _set_farm_env(): info: exporting CDPL_TMPDIR as `/var/tmp'
1701390943.548674: 10910-7f750d86b0c0: cdpl_compat_master.c:220: in _set_farm_env(): info: exporting CDPL_HOME as `/proj/cad/synopsys/synopsys_2021/primelib/T-2022.03-SP1/cdpl_runtime_linux64'
1701390943.548677: 10910-7f750d86b0c0: cdpl_compat_master.c:227: in _set_farm_env(): info: exporting SNPSLMD_LICENSE_FILE as `1700@engdmv.utdallas.edu'
1701390943.548680: 10910-7f750d86b0c0: cdpl_compat_master.c:247: in _set_farm_env(): info: exporting CDPL_OPTIONS as `[filter][nowlogs]'
1701390943.548683: 10910-7f750d86b0c0: cdpl_compat_master.c:254: in _set_farm_env(): info: exporting DISPLAY as `:1015'
1701390943.548686: 10910-7f750d86b0c0: cdpl_compat_master.c:262: in _set_farm_env(): info: exporting CDPL_HEARTBEAT as `60'
1701390943.548692: 10910-7f750d86b0c0: cdpl_compat_master.c:348: in _set_farm_env(): info: exporting SIS_MALIBU as `2'
1701390943.548694: 10910-7f750d86b0c0: cdpl_compat_master.c:348: in _set_farm_env(): info: exporting SIS_CDPL as `5'
1701390943.599081: 10910-7f750d86b0c0: cdpl_server.c:738: in cdpl_sv_new_job(): info: new job J1 in M1
1701390943.599098: 10910-7f750d86b0c0: cdpl_compat_master.c:1314: in _add_worker(): info: new worker type 100, min:1, max:1, cmd:`/home/eng/a/axk220238/vlsi/cad/gf65/primelib_gf65_axk220238_axk230133/XOR/runtime/cdpl/pid10910/run_10910.sh'
1701390943.599108: 10910-7f750d86b0c0: cdpl_server.c:900: in cdpl_sv_new_bin_withfarm(): info: new bin B1 in J1
1701390943.604717: 10910-7f750d86b0c0: cdpl_server.c:3116: in cdpl_sv_start_job(): info: starting job J1
1701390943.615882: 10910-7f750d86b0c0: cdpl_server.c:1824: in _sv_gen_task(): info: new task T0 in B1 (prio 3)
1701390943.615901: 10910-7f750d86b0c0: cdpl_server.c:2558: in cdpl_sv_label_task_va(): info: setting task T0 label to "leakage_power__ACQ_1 of XOR"
1701390943.615998: 10910-7f750d86b0c0: cdpl_server.c:1824: in _sv_gen_task(): info: new task T1 in B1 (prio 5)
1701390943.616064: 10910-7f74f5570700: cdpl_server_sched.c:700: in _sv_launch_worker(): info: started worker W1 (as C1) in bin B1
1701390943.616095: 10910-7f750d86b0c0: cdpl_server.c:2558: in cdpl_sv_label_task_va(): info: setting task T1 label to "Cin__VSS__hl__ACQ_1 of XOR"
1701390943.616109: 10910-7f74f4d6f700: cdpl_farm.c:1899: in _schedule(): info: worker submit failure threshold set to 100
1701390943.616132: 10910-7f74f4d6f700: cdpl_sh.c:49: in _sh_detached_submit(): info: SH : /home/eng/a/axk220238/vlsi/cad/gf65/primelib_gf65_axk220238_axk230133/XOR/runtime/cdpl/pid10910/run_10910.sh
1701390943.616140: 10910-7f750d86b0c0: cdpl_server.c:1824: in _sv_gen_task(): info: new task T2 in B1 (prio 5)
1701390943.616145: 10910-7f750d86b0c0: cdpl_server.c:2558: in cdpl_sv_label_task_va(): info: setting task T2 label to "Cin__VSS__lh__ACQ_1 of XOR"
1701390943.619586: 10910-7f750d86b0c0: cdpl_server.c:1824: in _sv_gen_task(): info: new task T3 in B1 (prio 2)
1701390943.619605: 10910-7f750d86b0c0: cdpl_server.c:2558: in cdpl_sv_label_task_va(): info: setting task T3 label to "delay__IN1__hl__OUT__hl__ACQ_1 of XOR"
1701390943.619694: 10910-7f750d86b0c0: cdpl_server.c:1824: in _sv_gen_task(): info: new task T4 in B1 (prio 2)
1701390943.619699: 10910-7f750d86b0c0: cdpl_server.c:2558: in cdpl_sv_label_task_va(): info: setting task T4 label to "delay__IN1__hl__OUT__lh__ACQ_1 of XOR"
1701390943.619756: 10910-7f750d86b0c0: cdpl_server.c:1824: in _sv_gen_task(): info: new task T5 in B1 (prio 2)
1701390943.619759: 10910-7f750d86b0c0: cdpl_server.c:2558: in cdpl_sv_label_task_va(): info: setting task T5 label to "delay__IN1__lh__OUT__hl__ACQ_1 of XOR"
1701390943.619797: 10910-7f750d86b0c0: cdpl_server.c:1824: in _sv_gen_task(): info: new task T6 in B1 (prio 2)
1701390943.619800: 10910-7f750d86b0c0: cdpl_server.c:2558: in cdpl_sv_label_task_va(): info: setting task T6 label to "delay__IN1__lh__OUT__lh__ACQ_1 of XOR"
1701390943.619846: 10910-7f750d86b0c0: cdpl_server.c:1824: in _sv_gen_task(): info: new task T7 in B1 (prio 5)
1701390943.619849: 10910-7f750d86b0c0: cdpl_server.c:2558: in cdpl_sv_label_task_va(): info: setting task T7 label to "Cin__VDD__hl__ACQ_1 of XOR"
1701390943.619899: 10910-7f750d86b0c0: cdpl_server.c:1824: in _sv_gen_task(): info: new task T8 in B1 (prio 5)
1701390943.619902: 10910-7f750d86b0c0: cdpl_server.c:2558: in cdpl_sv_label_task_va(): info: setting task T8 label to "Cin__VDD__lh__ACQ_1 of XOR"
1701390943.619959: 10910-7f750d86b0c0: cdpl_server.c:1824: in _sv_gen_task(): info: new task T9 in B1 (prio 2)
1701390943.619961: 10910-7f750d86b0c0: cdpl_server.c:2558: in cdpl_sv_label_task_va(): info: setting task T9 label to "delay__IN2__hl__OUT__hl__ACQ_1 of XOR"
1701390943.619995: 10910-7f750d86b0c0: cdpl_server.c:1824: in _sv_gen_task(): info: new task T10 in B1 (prio 2)
1701390943.619997: 10910-7f750d86b0c0: cdpl_server.c:2558: in cdpl_sv_label_task_va(): info: setting task T10 label to "delay__IN2__hl__OUT__lh__ACQ_1 of XOR"
1701390943.620024: 10910-7f750d86b0c0: cdpl_server.c:1824: in _sv_gen_task(): info: new task T11 in B1 (prio 2)
1701390943.620028: 10910-7f750d86b0c0: cdpl_server.c:2558: in cdpl_sv_label_task_va(): info: setting task T11 label to "delay__IN2__lh__OUT__hl__ACQ_1 of XOR"
1701390943.620066: 10910-7f750d86b0c0: cdpl_server.c:1824: in _sv_gen_task(): info: new task T12 in B1 (prio 2)
1701390943.620068: 10910-7f750d86b0c0: cdpl_server.c:2558: in cdpl_sv_label_task_va(): info: setting task T12 label to "delay__IN2__lh__OUT__lh__ACQ_1 of XOR"
1701390944.316008: 10910-7f74f5d71700: cdpl_server_ipc.c:452: in _sv_on_hello(): info: W1 is `10.182.66.68:56281'
1701390944.316032: 10910-7f74f5d71700: cdpl_server_ipc.c:454: in _sv_on_hello(): info: W1 log file is /dev/null
1701390944.316043: 10910-7f74f5d71700: cdpl_server_ipc.c:481: in _sv_on_hello(): info: up to 1 alive workers in B1
1701390944.316087: 10910-7f74f5570700: cdpl_server_sched.c:955: in _assign(): info: assigning task T3 to worker W1
1701390952.075132: 10910-7f74f5d71700: cdpl_server_ipc.c:857: in _sv_on_finish(): info: worker W1 completed task T3
1701390952.075507: 10910-7f74f5570700: cdpl_server_sched.c:955: in _assign(): info: assigning task T4 to worker W1
1701390959.390662: 10910-7f74f5d71700: cdpl_server_ipc.c:857: in _sv_on_finish(): info: worker W1 completed task T4
1701390959.390711: 10910-7f74f5570700: cdpl_server_sched.c:955: in _assign(): info: assigning task T5 to worker W1
1701390966.886929: 10910-7f74f5d71700: cdpl_server_ipc.c:857: in _sv_on_finish(): info: worker W1 completed task T5
1701390966.886992: 10910-7f74f5570700: cdpl_server_sched.c:955: in _assign(): info: assigning task T6 to worker W1
1701390974.130292: 10910-7f74f5d71700: cdpl_server_ipc.c:857: in _sv_on_finish(): info: worker W1 completed task T6
1701390974.130338: 10910-7f74f5570700: cdpl_server_sched.c:955: in _assign(): info: assigning task T9 to worker W1
1701390981.629379: 10910-7f74f5d71700: cdpl_server_ipc.c:857: in _sv_on_finish(): info: worker W1 completed task T9
1701390981.629432: 10910-7f74f5570700: cdpl_server_sched.c:955: in _assign(): info: assigning task T10 to worker W1
1701390988.637753: 10910-7f74f5d71700: cdpl_server_ipc.c:857: in _sv_on_finish(): info: worker W1 completed task T10
1701390988.637808: 10910-7f74f5570700: cdpl_server_sched.c:955: in _assign(): info: assigning task T11 to worker W1
1701390995.870588: 10910-7f74f5d71700: cdpl_server_ipc.c:857: in _sv_on_finish(): info: worker W1 completed task T11
1701390995.870642: 10910-7f74f5570700: cdpl_server_sched.c:955: in _assign(): info: assigning task T12 to worker W1
1701391003.048266: 10910-7f74f5d71700: cdpl_server_ipc.c:857: in _sv_on_finish(): info: worker W1 completed task T12
1701391003.048746: 10910-7f74f5570700: cdpl_server_sched.c:955: in _assign(): info: assigning task T0 to worker W1
1701391009.866831: 10910-7f74f5d71700: cdpl_server_ipc.c:857: in _sv_on_finish(): info: worker W1 completed task T0
1701391009.866886: 10910-7f74f5570700: cdpl_server_sched.c:955: in _assign(): info: assigning task T1 to worker W1
1701391016.835111: 10910-7f74f5d71700: cdpl_server_ipc.c:857: in _sv_on_finish(): info: worker W1 completed task T1
1701391016.835154: 10910-7f74f5570700: cdpl_server_sched.c:955: in _assign(): info: assigning task T2 to worker W1
1701391023.715927: 10910-7f74f5d71700: cdpl_server_ipc.c:857: in _sv_on_finish(): info: worker W1 completed task T2
1701391023.715969: 10910-7f74f5570700: cdpl_server_sched.c:955: in _assign(): info: assigning task T7 to worker W1
1701391030.733912: 10910-7f74f5d71700: cdpl_server_ipc.c:857: in _sv_on_finish(): info: worker W1 completed task T7
1701391030.733964: 10910-7f74f5570700: cdpl_server_sched.c:955: in _assign(): info: assigning task T8 to worker W1
1701391037.558427: 10910-7f74f5d71700: cdpl_server_ipc.c:857: in _sv_on_finish(): info: worker W1 completed task T8
1701391054.054776: 10910-7f750d86b0c0: cdpl_compat_master.c:5152: in cdplMasterLogInfo(): info: [non-CDPL log entry] Ending current CDPL job
1701391054.054980: 10910-7f750d86b0c0: cdpl_server.c:2890: in cdpl_sv_halt_job_errno(): info: stopping job J1
1701391054.055057: 10910-7f74f5570700: cdpl_server_sched.c:2711: in _sv_drop_worker(): info: down to 0 alive workers in B1
1701391054.055126: 10910-7f750d86b0c0: cdpl_server.c:2875: in cdpl_sv_halt_job_errno(): info: killing job J1
1701391054.055131: 10910-7f750d86b0c0: cdpl_server.c:288: in _sv_free_job(): info: freeing job J1
1701391054.055156: 10910-7f750d86b0c0: cdpl_farm.c:2395: in cdpl_farm_free(): info: freeing farm
1701391054.055319: 10910-7f750d86b0c0: cdpl_server.c:3011: in cdpl_sv_free(): info: freeing server S1885257710
1701391054.055321: 10910-7f750d86b0c0: cdpl_server.c:2976: in cdpl_sv_kill_errno(): info: killing server
1701391054.055359: 10910-7f750d86b0c0: cdpl_server.c:328: in _sv_free_master(): info: freeing master M1
1701391054.055407: 10910-7f750d86b0c0: cdpl_log.c:371: in cdpl_log_close(): info: @@end_of_log@@
