1701391169.409269: 22893-7feee43ba0c0: cdpl_log.c:228: in cdpl_log_open(): info: @@start_of_log@@
1701391169.409293: 22893-7feee43ba0c0: cdpl_log.c:866: in cdpl_log_dump_sysinfo(): info: time: 2023/11/30 18:39:29 CST -0600
1701391169.409297: 22893-7feee43ba0c0: cdpl_log.c:868: in cdpl_log_dump_sysinfo(): info: version: T-2022.03 
1701391169.409299: 22893-7feee43ba0c0: cdpl_log.c:870: in cdpl_log_dump_sysinfo(): info: system: Linux 3.10.0-1160.95.1.el7.x86_64 #1 SMP Fri Jun 23 08:44:55 EDT 2023
1701391169.409301: 22893-7feee43ba0c0: cdpl_log.c:875: in cdpl_log_dump_sysinfo(): info: processor: x86_64 64-bits
1701391169.409303: 22893-7feee43ba0c0: cdpl_log.c:879: in cdpl_log_dump_sysinfo(): info: hostname: engnx03a.utdallas.edu
1701391169.409304: 22893-7feee43ba0c0: cdpl_log.c:230: in cdpl_log_open(): debug: path: /home/eng/a/axk220238/vlsi/cad/gf65/primelib_gf65_axk220238_axk230133/DFF/runtime/cdpl/pid22893/master.engnx03a.utdallas.edu.22893.log
1701391169.409307: 22893-7feee43ba0c0: cdpl_log.c:231: in cdpl_log_open(): debug: dir: /home/eng/a/axk220238/vlsi/cad/gf65/primelib_gf65_axk220238_axk230133/DFF/runtime/cdpl/pid22893
1701391169.409315: 22893-7feee43ba0c0: cdpl_log.c:758: in cdpl_log_set_filter(): info: filter level 1
1701391169.409331: 22893-7feee43ba0c0: cdpl_server.c:543: in cdpl_sv_init(): info: new server S246607051
1701391169.409341: 22893-7feee43ba0c0: cdpl_ipc.c:3030: in cdpl_ipc_init(): info: requesting IPv4 protocol
1701391169.409971: 22893-7feee43ba0c0: cdpl_ipc.c:800: in _selectaddrfamily(): info: selected IPv4 protocol
1701391169.410458: 22893-7feee43ba0c0: cdpl_server.c:657: in cdpl_sv_new_master(): info: new master M1
1701391169.410475: 22893-7feee43ba0c0: cdpl_server.c:5494: in cdpl_sv_ctl_master(): info: Setting worker heartbeat to 60 seconds
1701391169.410478: 22893-7feee43ba0c0: cdpl_server.c:5503: in cdpl_sv_ctl_master(): info: Setting worker heartbeat timeout to 3 heartbeats
1701391169.410483: 22893-7feee43ba0c0: cdpl_compat_master.c:2407: in cdplInitMaster(): info: bcast dir is `/dev/null'
1701391169.410555: 22893-7feee43ba0c0: cdpl_server.c:5394: in cdpl_sv_ctl_master(): info: farm worker timeout set to 36000
1701391169.410557: 22893-7feee43ba0c0: cdpl_server.c:5410: in cdpl_sv_ctl_master(): info: grid worker timeout set to 36000
1701391169.410558: 22893-7feee43ba0c0: cdpl_server.c:5438: in cdpl_sv_ctl_master(): info: farm submit command failure threshold set to 100
1701391169.410590: 22893-7feee43ba0c0: cdpl_farm.c:2268: in cdpl_farm_new_sh(): info: creating SH farm on localhost
1701391169.410602: 22893-7feee43ba0c0: cdpl_compat_master.c:207: in _set_farm_env(): info: exporting CDPL_LOGDIR as `/home/eng/a/axk220238/vlsi/cad/gf65/primelib_gf65_axk220238_axk230133/DFF/runtime/cdpl/pid22893'
1701391169.410605: 22893-7feee43ba0c0: cdpl_compat_master.c:213: in _set_farm_env(): info: exporting CDPL_TMPDIR as `/var/tmp'
1701391169.410607: 22893-7feee43ba0c0: cdpl_compat_master.c:220: in _set_farm_env(): info: exporting CDPL_HOME as `/proj/cad/synopsys/synopsys_2021/primelib/T-2022.03-SP1/cdpl_runtime_linux64'
1701391169.410610: 22893-7feee43ba0c0: cdpl_compat_master.c:227: in _set_farm_env(): info: exporting SNPSLMD_LICENSE_FILE as `1700@engdmv.utdallas.edu'
1701391169.410612: 22893-7feee43ba0c0: cdpl_compat_master.c:247: in _set_farm_env(): info: exporting CDPL_OPTIONS as `[filter][nowlogs]'
1701391169.410614: 22893-7feee43ba0c0: cdpl_compat_master.c:254: in _set_farm_env(): info: exporting DISPLAY as `:1015'
1701391169.410616: 22893-7feee43ba0c0: cdpl_compat_master.c:262: in _set_farm_env(): info: exporting CDPL_HEARTBEAT as `60'
1701391169.410621: 22893-7feee43ba0c0: cdpl_compat_master.c:348: in _set_farm_env(): info: exporting SIS_MALIBU as `2'
1701391169.410623: 22893-7feee43ba0c0: cdpl_compat_master.c:348: in _set_farm_env(): info: exporting SIS_CDPL as `5'
1701391169.742129: 22893-7feee43ba0c0: cdpl_server.c:738: in cdpl_sv_new_job(): info: new job J1 in M1
1701391169.742147: 22893-7feee43ba0c0: cdpl_compat_master.c:1314: in _add_worker(): info: new worker type 100, min:1, max:1, cmd:`/home/eng/a/axk220238/vlsi/cad/gf65/primelib_gf65_axk220238_axk230133/DFF/runtime/cdpl/pid22893/run_22893.sh'
1701391169.742157: 22893-7feee43ba0c0: cdpl_server.c:900: in cdpl_sv_new_bin_withfarm(): info: new bin B1 in J1
1701391169.748126: 22893-7feee43ba0c0: cdpl_server.c:3116: in cdpl_sv_start_job(): info: starting job J1
1701391169.756450: 22893-7feee43ba0c0: cdpl_server.c:1824: in _sv_gen_task(): info: new task T0 in B1 (prio -1)
1701391169.756461: 22893-7feee43ba0c0: cdpl_server.c:2558: in cdpl_sv_label_task_va(): info: setting task T0 label to "initialization__ACQ_7 of DFF"
1701391169.756575: 22893-7feee43ba0c0: cdpl_server.c:1824: in _sv_gen_task(): info: new task T1 in B1 (prio -1)
1701391169.756650: 22893-7feecc0bf700: cdpl_server_sched.c:700: in _sv_launch_worker(): info: started worker W1 (as C1) in bin B1
1701391169.756684: 22893-7feee43ba0c0: cdpl_server.c:2558: in cdpl_sv_label_task_va(): info: setting task T1 label to "setup_hbm__D__lh__CLK__hl__ACQ_1 of DFF"
1701391169.756697: 22893-7feecb8be700: cdpl_farm.c:1899: in _schedule(): info: worker submit failure threshold set to 100
1701391169.756728: 22893-7feecb8be700: cdpl_sh.c:49: in _sh_detached_submit(): info: SH : /home/eng/a/axk220238/vlsi/cad/gf65/primelib_gf65_axk220238_axk230133/DFF/runtime/cdpl/pid22893/run_22893.sh
1701391169.759652: 22893-7feee43ba0c0: cdpl_server.c:1824: in _sv_gen_task(): info: new task T2 in B1 (prio -1)
1701391169.759674: 22893-7feee43ba0c0: cdpl_server.c:2558: in cdpl_sv_label_task_va(): info: setting task T2 label to "initialization__ACQ_6 of DFF"
1701391169.759867: 22893-7feee43ba0c0: cdpl_server.c:1824: in _sv_gen_task(): info: new task T3 in B1 (prio -1)
1701391169.759874: 22893-7feee43ba0c0: cdpl_server.c:2558: in cdpl_sv_label_task_va(): info: setting task T3 label to "setup_hbm__D__hl__CLK__hl__ACQ_1 of DFF"
1701391169.759955: 22893-7feee43ba0c0: cdpl_server.c:1824: in _sv_gen_task(): info: new task T4 in B1 (prio -1)
1701391169.759959: 22893-7feee43ba0c0: cdpl_server.c:2558: in cdpl_sv_label_task_va(): info: setting task T4 label to "initialization__ACQ_4 of DFF"
1701391169.759999: 22893-7feee43ba0c0: cdpl_server.c:1824: in _sv_gen_task(): info: new task T5 in B1 (prio 3)
1701391169.760001: 22893-7feee43ba0c0: cdpl_server.c:2558: in cdpl_sv_label_task_va(): info: setting task T5 label to "leakage_power__ACQ_1 of DFF"
1701391169.760034: 22893-7feee43ba0c0: cdpl_server.c:1824: in _sv_gen_task(): info: new task T6 in B1 (prio 5)
1701391169.760037: 22893-7feee43ba0c0: cdpl_server.c:2558: in cdpl_sv_label_task_va(): info: setting task T6 label to "Cin__D__hl__ACQ_1 of DFF"
1701391169.760066: 22893-7feee43ba0c0: cdpl_server.c:1824: in _sv_gen_task(): info: new task T7 in B1 (prio 5)
1701391169.760070: 22893-7feee43ba0c0: cdpl_server.c:2558: in cdpl_sv_label_task_va(): info: setting task T7 label to "Cin__D__lh__ACQ_1 of DFF"
1701391169.760102: 22893-7feee43ba0c0: cdpl_server.c:1824: in _sv_gen_task(): info: new task T8 in B1 (prio 5)
1701391169.760105: 22893-7feee43ba0c0: cdpl_server.c:2558: in cdpl_sv_label_task_va(): info: setting task T8 label to "Cin__VSS__hl__ACQ_1 of DFF"
1701391169.760131: 22893-7feee43ba0c0: cdpl_server.c:1824: in _sv_gen_task(): info: new task T9 in B1 (prio 5)
1701391169.760134: 22893-7feee43ba0c0: cdpl_server.c:2558: in cdpl_sv_label_task_va(): info: setting task T9 label to "Cin__VSS__lh__ACQ_1 of DFF"
1701391169.760169: 22893-7feee43ba0c0: cdpl_server.c:1824: in _sv_gen_task(): info: new task T10 in B1 (prio -1)
1701391169.760172: 22893-7feee43ba0c0: cdpl_server.c:2558: in cdpl_sv_label_task_va(): info: setting task T10 label to "initialization__ACQ_5 of DFF"
1701391169.760215: 22893-7feee43ba0c0: cdpl_server.c:1824: in _sv_gen_task(): info: new task T11 in B1 (prio -1)
1701391169.760218: 22893-7feee43ba0c0: cdpl_server.c:2558: in cdpl_sv_label_task_va(): info: setting task T11 label to "ncmpw_hbm__CLK__lh__CLK__hl__ACQ_1 of DFF"
1701391169.760251: 22893-7feee43ba0c0: cdpl_server.c:1824: in _sv_gen_task(): info: new task T12 in B1 (prio -1)
1701391169.760254: 22893-7feee43ba0c0: cdpl_server.c:2558: in cdpl_sv_label_task_va(): info: setting task T12 label to "removal_hbm__R__hl__CLK__hl__ACQ_1 of DFF"
1701391169.760287: 22893-7feee43ba0c0: cdpl_server.c:1824: in _sv_gen_task(): info: new task T13 in B1 (prio -1)
1701391169.760290: 22893-7feee43ba0c0: cdpl_server.c:2558: in cdpl_sv_label_task_va(): info: setting task T13 label to "recover_hbm__R__hl__CLK__hl__ACQ_1 of DFF"
1701391169.760317: 22893-7feee43ba0c0: cdpl_server.c:1824: in _sv_gen_task(): info: new task T14 in B1 (prio -1)
1701391169.760319: 22893-7feee43ba0c0: cdpl_server.c:2558: in cdpl_sv_label_task_va(): info: setting task T14 label to "initialization__ACQ_1 of DFF"
1701391169.760344: 22893-7feee43ba0c0: cdpl_server.c:1824: in _sv_gen_task(): info: new task T15 in B1 (prio -1)
1701391169.760347: 22893-7feee43ba0c0: cdpl_server.c:2558: in cdpl_sv_label_task_va(): info: setting task T15 label to "initialization__ACQ_2 of DFF"
1701391169.760404: 22893-7feee43ba0c0: cdpl_server.c:1824: in _sv_gen_task(): info: new task T16 in B1 (prio -1)
1701391169.760407: 22893-7feee43ba0c0: cdpl_server.c:2558: in cdpl_sv_label_task_va(): info: setting task T16 label to "cmpw_hbm__CLK__hl__CLK__lh__ACQ_1 of DFF"
1701391169.760443: 22893-7feee43ba0c0: cdpl_server.c:1824: in _sv_gen_task(): info: new task T17 in B1 (prio -1)
1701391169.760446: 22893-7feee43ba0c0: cdpl_server.c:2558: in cdpl_sv_label_task_va(): info: setting task T17 label to "cmpw_hbm__R__lh__R__hl__ACQ_1 of DFF"
1701391169.760485: 22893-7feee43ba0c0: cdpl_server.c:1824: in _sv_gen_task(): info: new task T18 in B1 (prio -1)
1701391169.760490: 22893-7feee43ba0c0: cdpl_server.c:2558: in cdpl_sv_label_task_va(): info: setting task T18 label to "initialization__ACQ_3 of DFF"
1701391169.760544: 22893-7feee43ba0c0: cdpl_server.c:1824: in _sv_gen_task(): info: new task T19 in B1 (prio 2)
1701391169.760548: 22893-7feee43ba0c0: cdpl_server.c:2558: in cdpl_sv_label_task_va(): info: setting task T19 label to "delay__CLK__hl__Q__hl__ACQ_1 of DFF"
1701391169.760579: 22893-7feee43ba0c0: cdpl_server.c:1824: in _sv_gen_task(): info: new task T20 in B1 (prio 2)
1701391169.760581: 22893-7feee43ba0c0: cdpl_server.c:2558: in cdpl_sv_label_task_va(): info: setting task T20 label to "delay__CLK__hl__Q__lh__ACQ_1 of DFF"
1701391169.760612: 22893-7feee43ba0c0: cdpl_server.c:1824: in _sv_gen_task(): info: new task T21 in B1 (prio -1)
1701391169.760615: 22893-7feee43ba0c0: cdpl_server.c:2558: in cdpl_sv_label_task_va(): info: setting task T21 label to "hold_hbm__D__lh__CLK__hl__ACQ_1 of DFF"
1701391169.760670: 22893-7feee43ba0c0: cdpl_server.c:1824: in _sv_gen_task(): info: new task T22 in B1 (prio -1)
1701391169.760676: 22893-7feee43ba0c0: cdpl_server.c:2558: in cdpl_sv_label_task_va(): info: setting task T22 label to "hold_hbm__D__hl__CLK__hl__ACQ_1 of DFF"
1701391169.760705: 22893-7feee43ba0c0: cdpl_server.c:1824: in _sv_gen_task(): info: new task T23 in B1 (prio 5)
1701391169.760708: 22893-7feee43ba0c0: cdpl_server.c:2558: in cdpl_sv_label_task_va(): info: setting task T23 label to "Cin__CLK__lh__ACQ_1 of DFF"
1701391169.760740: 22893-7feee43ba0c0: cdpl_server.c:1824: in _sv_gen_task(): info: new task T24 in B1 (prio 5)
1701391169.760742: 22893-7feee43ba0c0: cdpl_server.c:2558: in cdpl_sv_label_task_va(): info: setting task T24 label to "Cin__VDD__hl__ACQ_1 of DFF"
1701391169.760761: 22893-7feee43ba0c0: cdpl_server.c:1824: in _sv_gen_task(): info: new task T25 in B1 (prio 5)
1701391169.760764: 22893-7feee43ba0c0: cdpl_server.c:2558: in cdpl_sv_label_task_va(): info: setting task T25 label to "Cin__VDD__lh__ACQ_1 of DFF"
1701391169.760802: 22893-7feee43ba0c0: cdpl_server.c:1824: in _sv_gen_task(): info: new task T26 in B1 (prio 2)
1701391169.760804: 22893-7feee43ba0c0: cdpl_server.c:2558: in cdpl_sv_label_task_va(): info: setting task T26 label to "delay__R__lh__Q__hl__ACQ_1 of DFF"
1701391169.760825: 22893-7feee43ba0c0: cdpl_server.c:1824: in _sv_gen_task(): info: new task T27 in B1 (prio 5)
1701391169.760828: 22893-7feee43ba0c0: cdpl_server.c:2558: in cdpl_sv_label_task_va(): info: setting task T27 label to "Cin__R__hl__ACQ_1 of DFF"
1701391170.437498: 22893-7feecc8c0700: cdpl_server_ipc.c:452: in _sv_on_hello(): info: W1 is `10.182.66.68:38316'
1701391170.437515: 22893-7feecc8c0700: cdpl_server_ipc.c:454: in _sv_on_hello(): info: W1 log file is /dev/null
1701391170.437526: 22893-7feecc8c0700: cdpl_server_ipc.c:481: in _sv_on_hello(): info: up to 1 alive workers in B1
1701391170.437553: 22893-7feecc0bf700: cdpl_server_sched.c:955: in _assign(): info: assigning task T0 to worker W1
1701391177.842714: 22893-7feecc8c0700: cdpl_server_ipc.c:857: in _sv_on_finish(): info: worker W1 completed task T0
1701391177.843017: 22893-7feecc0bf700: cdpl_server_sched.c:955: in _assign(): info: assigning task T2 to worker W1
1701391184.806667: 22893-7feecc8c0700: cdpl_server_ipc.c:857: in _sv_on_finish(): info: worker W1 completed task T2
1701391184.806712: 22893-7feecc0bf700: cdpl_server_sched.c:955: in _assign(): info: assigning task T4 to worker W1
1701391191.925745: 22893-7feecc8c0700: cdpl_server_ipc.c:857: in _sv_on_finish(): info: worker W1 completed task T4
1701391191.925785: 22893-7feecc0bf700: cdpl_server_sched.c:955: in _assign(): info: assigning task T10 to worker W1
1701391198.950134: 22893-7feecc8c0700: cdpl_server_ipc.c:857: in _sv_on_finish(): info: worker W1 completed task T10
1701391198.950184: 22893-7feecc0bf700: cdpl_server_sched.c:955: in _assign(): info: assigning task T12 to worker W1
1701391222.552284: 22893-7feecc8c0700: cdpl_server_ipc.c:857: in _sv_on_finish(): info: worker W1 completed task T12
1701391222.554816: 22893-7feecc0bf700: cdpl_server_sched.c:955: in _assign(): info: assigning task T13 to worker W1
1701391229.833354: 22893-7feee43ba0c0: cdpl_server.c:1824: in _sv_gen_task(): info: new task T28 in B1 (prio -1)
1701391229.833386: 22893-7feee43ba0c0: cdpl_server.c:2558: in cdpl_sv_label_task_va(): info: setting task T28 label to "removal_hbm__R__hl__CLK__hl__ACQ_1 of DFF"
1701391235.407741: 22893-7feecc8c0700: cdpl_server_ipc.c:857: in _sv_on_finish(): info: worker W1 completed task T13
1701391235.407781: 22893-7feecc0bf700: cdpl_server_sched.c:955: in _assign(): info: assigning task T14 to worker W1
1701391242.544026: 22893-7feecc8c0700: cdpl_server_ipc.c:857: in _sv_on_finish(): info: worker W1 completed task T14
1701391242.544069: 22893-7feecc0bf700: cdpl_server_sched.c:955: in _assign(): info: assigning task T15 to worker W1
1701391249.742887: 22893-7feecc8c0700: cdpl_server_ipc.c:857: in _sv_on_finish(): info: worker W1 completed task T15
1701391249.742931: 22893-7feecc0bf700: cdpl_server_sched.c:955: in _assign(): info: assigning task T18 to worker W1
1701391256.764819: 22893-7feecc8c0700: cdpl_server_ipc.c:857: in _sv_on_finish(): info: worker W1 completed task T18
1701391256.764869: 22893-7feecc0bf700: cdpl_server_sched.c:955: in _assign(): info: assigning task T1 to worker W1
1701391269.476670: 22893-7feecc8c0700: cdpl_server_ipc.c:857: in _sv_on_finish(): info: worker W1 completed task T1
1701391269.476966: 22893-7feecc0bf700: cdpl_server_sched.c:955: in _assign(): info: assigning task T3 to worker W1
1701391281.863965: 22893-7feecc8c0700: cdpl_server_ipc.c:857: in _sv_on_finish(): info: worker W1 completed task T3
1701391281.864009: 22893-7feecc0bf700: cdpl_server_sched.c:955: in _assign(): info: assigning task T11 to worker W1
1701391289.846330: 22893-7feecc8c0700: cdpl_server_ipc.c:857: in _sv_on_finish(): info: worker W1 completed task T11
1701391289.846393: 22893-7feecc0bf700: cdpl_server_sched.c:955: in _assign(): info: assigning task T28 to worker W1
1701391313.375804: 22893-7feecc8c0700: cdpl_server_ipc.c:857: in _sv_on_finish(): info: worker W1 completed task T28
1701391313.375842: 22893-7feecc0bf700: cdpl_server_sched.c:955: in _assign(): info: assigning task T16 to worker W1
1701391320.921243: 22893-7feecc8c0700: cdpl_server_ipc.c:857: in _sv_on_finish(): info: worker W1 completed task T16
1701391320.921280: 22893-7feecc0bf700: cdpl_server_sched.c:955: in _assign(): info: assigning task T22 to worker W1
1701391333.091833: 22893-7feecc8c0700: cdpl_server_ipc.c:857: in _sv_on_finish(): info: worker W1 completed task T22
1701391333.091867: 22893-7feecc0bf700: cdpl_server_sched.c:955: in _assign(): info: assigning task T17 to worker W1
1701391340.757875: 22893-7feecc8c0700: cdpl_server_ipc.c:857: in _sv_on_finish(): info: worker W1 completed task T17
1701391340.757911: 22893-7feecc0bf700: cdpl_server_sched.c:955: in _assign(): info: assigning task T21 to worker W1
1701391352.879484: 22893-7feecc8c0700: cdpl_server_ipc.c:857: in _sv_on_finish(): info: worker W1 completed task T21
1701391352.879525: 22893-7feecc0bf700: cdpl_server_sched.c:955: in _assign(): info: assigning task T20 to worker W1
1701391361.106327: 22893-7feecc8c0700: cdpl_server_ipc.c:857: in _sv_on_finish(): info: worker W1 completed task T20
1701391361.106356: 22893-7feecc0bf700: cdpl_server_sched.c:955: in _assign(): info: assigning task T26 to worker W1
1701391369.223084: 22893-7feecc8c0700: cdpl_server_ipc.c:857: in _sv_on_finish(): info: worker W1 completed task T26
1701391369.223114: 22893-7feecc0bf700: cdpl_server_sched.c:955: in _assign(): info: assigning task T19 to worker W1
1701391377.525905: 22893-7feecc8c0700: cdpl_server_ipc.c:857: in _sv_on_finish(): info: worker W1 completed task T19
1701391377.525946: 22893-7feecc0bf700: cdpl_server_sched.c:955: in _assign(): info: assigning task T5 to worker W1
1701391453.158730: 22893-7feecc8c0700: cdpl_server_ipc.c:857: in _sv_on_finish(): info: worker W1 completed task T5
1701391453.159007: 22893-7feecc0bf700: cdpl_server_sched.c:955: in _assign(): info: assigning task T6 to worker W1
1701391460.150895: 22893-7feecc8c0700: cdpl_server_ipc.c:857: in _sv_on_finish(): info: worker W1 completed task T6
1701391460.150927: 22893-7feecc0bf700: cdpl_server_sched.c:955: in _assign(): info: assigning task T7 to worker W1
1701391466.821300: 22893-7feecc8c0700: cdpl_server_ipc.c:857: in _sv_on_finish(): info: worker W1 completed task T7
1701391466.821335: 22893-7feecc0bf700: cdpl_server_sched.c:955: in _assign(): info: assigning task T8 to worker W1
1701391473.956143: 22893-7feecc8c0700: cdpl_server_ipc.c:857: in _sv_on_finish(): info: worker W1 completed task T8
1701391473.956195: 22893-7feecc0bf700: cdpl_server_sched.c:955: in _assign(): info: assigning task T9 to worker W1
1701391480.936123: 22893-7feecc8c0700: cdpl_server_ipc.c:857: in _sv_on_finish(): info: worker W1 completed task T9
1701391480.936151: 22893-7feecc0bf700: cdpl_server_sched.c:955: in _assign(): info: assigning task T23 to worker W1
1701391488.092933: 22893-7feecc8c0700: cdpl_server_ipc.c:857: in _sv_on_finish(): info: worker W1 completed task T23
1701391488.092964: 22893-7feecc0bf700: cdpl_server_sched.c:955: in _assign(): info: assigning task T24 to worker W1
1701391495.010446: 22893-7feecc8c0700: cdpl_server_ipc.c:857: in _sv_on_finish(): info: worker W1 completed task T24
1701391495.010474: 22893-7feecc0bf700: cdpl_server_sched.c:955: in _assign(): info: assigning task T25 to worker W1
1701391501.957673: 22893-7feecc8c0700: cdpl_server_ipc.c:857: in _sv_on_finish(): info: worker W1 completed task T25
1701391501.957707: 22893-7feecc0bf700: cdpl_server_sched.c:955: in _assign(): info: assigning task T27 to worker W1
1701391509.112616: 22893-7feecc8c0700: cdpl_server_ipc.c:857: in _sv_on_finish(): info: worker W1 completed task T27
1701391520.373496: 22893-7feee43ba0c0: cdpl_compat_master.c:5152: in cdplMasterLogInfo(): info: [non-CDPL log entry] Ending current CDPL job
1701391520.373506: 22893-7feee43ba0c0: cdpl_server.c:2890: in cdpl_sv_halt_job_errno(): info: stopping job J1
1701391520.373573: 22893-7feecc0bf700: cdpl_server_sched.c:2711: in _sv_drop_worker(): info: down to 0 alive workers in B1
1701391520.373616: 22893-7feee43ba0c0: cdpl_server.c:2875: in cdpl_sv_halt_job_errno(): info: killing job J1
1701391520.373622: 22893-7feee43ba0c0: cdpl_server.c:288: in _sv_free_job(): info: freeing job J1
1701391520.373657: 22893-7feee43ba0c0: cdpl_farm.c:2395: in cdpl_farm_free(): info: freeing farm
1701391520.373860: 22893-7feee43ba0c0: cdpl_server.c:3011: in cdpl_sv_free(): info: freeing server S246607051
1701391520.373865: 22893-7feee43ba0c0: cdpl_server.c:2976: in cdpl_sv_kill_errno(): info: killing server
1701391520.373944: 22893-7feee43ba0c0: cdpl_server.c:328: in _sv_free_master(): info: freeing master M1
1701391520.374043: 22893-7feee43ba0c0: cdpl_log.c:371: in cdpl_log_close(): info: @@end_of_log@@
