1701391056.746661: 16559-7fd5cfcc60c0: cdpl_log.c:228: in cdpl_log_open(): info: @@start_of_log@@
1701391056.746697: 16559-7fd5cfcc60c0: cdpl_log.c:866: in cdpl_log_dump_sysinfo(): info: time: 2023/11/30 18:37:36 CST -0600
1701391056.746702: 16559-7fd5cfcc60c0: cdpl_log.c:868: in cdpl_log_dump_sysinfo(): info: version: T-2022.03 
1701391056.746704: 16559-7fd5cfcc60c0: cdpl_log.c:870: in cdpl_log_dump_sysinfo(): info: system: Linux 3.10.0-1160.95.1.el7.x86_64 #1 SMP Fri Jun 23 08:44:55 EDT 2023
1701391056.746705: 16559-7fd5cfcc60c0: cdpl_log.c:875: in cdpl_log_dump_sysinfo(): info: processor: x86_64 64-bits
1701391056.746707: 16559-7fd5cfcc60c0: cdpl_log.c:879: in cdpl_log_dump_sysinfo(): info: hostname: engnx03a.utdallas.edu
1701391056.746709: 16559-7fd5cfcc60c0: cdpl_log.c:230: in cdpl_log_open(): debug: path: /home/eng/a/axk220238/vlsi/cad/gf65/primelib_gf65_axk220238_axk230133/XNOR/runtime/cdpl/pid16559/master.engnx03a.utdallas.edu.16559.log
1701391056.746711: 16559-7fd5cfcc60c0: cdpl_log.c:231: in cdpl_log_open(): debug: dir: /home/eng/a/axk220238/vlsi/cad/gf65/primelib_gf65_axk220238_axk230133/XNOR/runtime/cdpl/pid16559
1701391056.746722: 16559-7fd5cfcc60c0: cdpl_log.c:758: in cdpl_log_set_filter(): info: filter level 1
1701391056.746741: 16559-7fd5cfcc60c0: cdpl_server.c:543: in cdpl_sv_init(): info: new server S537753960
1701391056.746748: 16559-7fd5cfcc60c0: cdpl_ipc.c:3030: in cdpl_ipc_init(): info: requesting IPv4 protocol
1701391056.749657: 16559-7fd5cfcc60c0: cdpl_ipc.c:800: in _selectaddrfamily(): info: selected IPv4 protocol
1701391056.751849: 16559-7fd5cfcc60c0: cdpl_server.c:657: in cdpl_sv_new_master(): info: new master M1
1701391056.751865: 16559-7fd5cfcc60c0: cdpl_server.c:5494: in cdpl_sv_ctl_master(): info: Setting worker heartbeat to 60 seconds
1701391056.751867: 16559-7fd5cfcc60c0: cdpl_server.c:5503: in cdpl_sv_ctl_master(): info: Setting worker heartbeat timeout to 3 heartbeats
1701391056.751871: 16559-7fd5cfcc60c0: cdpl_compat_master.c:2407: in cdplInitMaster(): info: bcast dir is `/dev/null'
1701391056.751939: 16559-7fd5cfcc60c0: cdpl_server.c:5394: in cdpl_sv_ctl_master(): info: farm worker timeout set to 36000
1701391056.751942: 16559-7fd5cfcc60c0: cdpl_server.c:5410: in cdpl_sv_ctl_master(): info: grid worker timeout set to 36000
1701391056.751943: 16559-7fd5cfcc60c0: cdpl_server.c:5438: in cdpl_sv_ctl_master(): info: farm submit command failure threshold set to 100
1701391056.751976: 16559-7fd5cfcc60c0: cdpl_farm.c:2268: in cdpl_farm_new_sh(): info: creating SH farm on localhost
1701391056.751989: 16559-7fd5cfcc60c0: cdpl_compat_master.c:207: in _set_farm_env(): info: exporting CDPL_LOGDIR as `/home/eng/a/axk220238/vlsi/cad/gf65/primelib_gf65_axk220238_axk230133/XNOR/runtime/cdpl/pid16559'
1701391056.751992: 16559-7fd5cfcc60c0: cdpl_compat_master.c:213: in _set_farm_env(): info: exporting CDPL_TMPDIR as `/var/tmp'
1701391056.751994: 16559-7fd5cfcc60c0: cdpl_compat_master.c:220: in _set_farm_env(): info: exporting CDPL_HOME as `/proj/cad/synopsys/synopsys_2021/primelib/T-2022.03-SP1/cdpl_runtime_linux64'
1701391056.751996: 16559-7fd5cfcc60c0: cdpl_compat_master.c:227: in _set_farm_env(): info: exporting SNPSLMD_LICENSE_FILE as `1700@engdmv.utdallas.edu'
1701391056.751999: 16559-7fd5cfcc60c0: cdpl_compat_master.c:247: in _set_farm_env(): info: exporting CDPL_OPTIONS as `[filter][nowlogs]'
1701391056.752001: 16559-7fd5cfcc60c0: cdpl_compat_master.c:254: in _set_farm_env(): info: exporting DISPLAY as `:1015'
1701391056.752002: 16559-7fd5cfcc60c0: cdpl_compat_master.c:262: in _set_farm_env(): info: exporting CDPL_HEARTBEAT as `60'
1701391056.752006: 16559-7fd5cfcc60c0: cdpl_compat_master.c:348: in _set_farm_env(): info: exporting SIS_MALIBU as `2'
1701391056.752007: 16559-7fd5cfcc60c0: cdpl_compat_master.c:348: in _set_farm_env(): info: exporting SIS_CDPL as `5'
1701391056.879616: 16559-7fd5cfcc60c0: cdpl_server.c:738: in cdpl_sv_new_job(): info: new job J1 in M1
1701391056.879634: 16559-7fd5cfcc60c0: cdpl_compat_master.c:1314: in _add_worker(): info: new worker type 100, min:1, max:1, cmd:`/home/eng/a/axk220238/vlsi/cad/gf65/primelib_gf65_axk220238_axk230133/XNOR/runtime/cdpl/pid16559/run_16559.sh'
1701391056.879643: 16559-7fd5cfcc60c0: cdpl_server.c:900: in cdpl_sv_new_bin_withfarm(): info: new bin B1 in J1
1701391056.916693: 16559-7fd5cfcc60c0: cdpl_server.c:3116: in cdpl_sv_start_job(): info: starting job J1
1701391056.933218: 16559-7fd5cfcc60c0: cdpl_server.c:1824: in _sv_gen_task(): info: new task T0 in B1 (prio 3)
1701391056.933228: 16559-7fd5cfcc60c0: cdpl_server.c:2558: in cdpl_sv_label_task_va(): info: setting task T0 label to "leakage_power__ACQ_1 of XNOR"
1701391056.933285: 16559-7fd5cfcc60c0: cdpl_server.c:1824: in _sv_gen_task(): info: new task T1 in B1 (prio 5)
1701391056.933347: 16559-7fd5b79cb700: cdpl_server_sched.c:700: in _sv_launch_worker(): info: started worker W1 (as C1) in bin B1
1701391056.933375: 16559-7fd5cfcc60c0: cdpl_server.c:2558: in cdpl_sv_label_task_va(): info: setting task T1 label to "Cin__VSS__hl__ACQ_1 of XNOR"
1701391056.933384: 16559-7fd5b71ca700: cdpl_farm.c:1899: in _schedule(): info: worker submit failure threshold set to 100
1701391056.933407: 16559-7fd5cfcc60c0: cdpl_server.c:1824: in _sv_gen_task(): info: new task T2 in B1 (prio 5)
1701391056.933414: 16559-7fd5cfcc60c0: cdpl_server.c:2558: in cdpl_sv_label_task_va(): info: setting task T2 label to "Cin__VSS__lh__ACQ_1 of XNOR"
1701391056.933421: 16559-7fd5b71ca700: cdpl_sh.c:49: in _sh_detached_submit(): info: SH : /home/eng/a/axk220238/vlsi/cad/gf65/primelib_gf65_axk220238_axk230133/XNOR/runtime/cdpl/pid16559/run_16559.sh
1701391056.933441: 16559-7fd5cfcc60c0: cdpl_server.c:1824: in _sv_gen_task(): info: new task T3 in B1 (prio 2)
1701391056.933445: 16559-7fd5cfcc60c0: cdpl_server.c:2558: in cdpl_sv_label_task_va(): info: setting task T3 label to "delay__IN1__hl__OUT__hl__ACQ_1 of XNOR"
1701391056.936617: 16559-7fd5cfcc60c0: cdpl_server.c:1824: in _sv_gen_task(): info: new task T4 in B1 (prio 2)
1701391056.936629: 16559-7fd5cfcc60c0: cdpl_server.c:2558: in cdpl_sv_label_task_va(): info: setting task T4 label to "delay__IN1__hl__OUT__lh__ACQ_1 of XNOR"
1701391056.936677: 16559-7fd5cfcc60c0: cdpl_server.c:1824: in _sv_gen_task(): info: new task T5 in B1 (prio 2)
1701391056.936680: 16559-7fd5cfcc60c0: cdpl_server.c:2558: in cdpl_sv_label_task_va(): info: setting task T5 label to "delay__IN1__lh__OUT__hl__ACQ_1 of XNOR"
1701391056.936721: 16559-7fd5cfcc60c0: cdpl_server.c:1824: in _sv_gen_task(): info: new task T6 in B1 (prio 2)
1701391056.936723: 16559-7fd5cfcc60c0: cdpl_server.c:2558: in cdpl_sv_label_task_va(): info: setting task T6 label to "delay__IN1__lh__OUT__lh__ACQ_1 of XNOR"
1701391056.936757: 16559-7fd5cfcc60c0: cdpl_server.c:1824: in _sv_gen_task(): info: new task T7 in B1 (prio 5)
1701391056.936759: 16559-7fd5cfcc60c0: cdpl_server.c:2558: in cdpl_sv_label_task_va(): info: setting task T7 label to "Cin__VDD__hl__ACQ_1 of XNOR"
1701391056.936796: 16559-7fd5cfcc60c0: cdpl_server.c:1824: in _sv_gen_task(): info: new task T8 in B1 (prio 5)
1701391056.936798: 16559-7fd5cfcc60c0: cdpl_server.c:2558: in cdpl_sv_label_task_va(): info: setting task T8 label to "Cin__VDD__lh__ACQ_1 of XNOR"
1701391056.936839: 16559-7fd5cfcc60c0: cdpl_server.c:1824: in _sv_gen_task(): info: new task T9 in B1 (prio 2)
1701391056.936842: 16559-7fd5cfcc60c0: cdpl_server.c:2558: in cdpl_sv_label_task_va(): info: setting task T9 label to "delay__IN2__hl__OUT__hl__ACQ_1 of XNOR"
1701391056.936872: 16559-7fd5cfcc60c0: cdpl_server.c:1824: in _sv_gen_task(): info: new task T10 in B1 (prio 2)
1701391056.936875: 16559-7fd5cfcc60c0: cdpl_server.c:2558: in cdpl_sv_label_task_va(): info: setting task T10 label to "delay__IN2__hl__OUT__lh__ACQ_1 of XNOR"
1701391056.936899: 16559-7fd5cfcc60c0: cdpl_server.c:1824: in _sv_gen_task(): info: new task T11 in B1 (prio 2)
1701391056.936902: 16559-7fd5cfcc60c0: cdpl_server.c:2558: in cdpl_sv_label_task_va(): info: setting task T11 label to "delay__IN2__lh__OUT__hl__ACQ_1 of XNOR"
1701391056.936927: 16559-7fd5cfcc60c0: cdpl_server.c:1824: in _sv_gen_task(): info: new task T12 in B1 (prio 2)
1701391056.936930: 16559-7fd5cfcc60c0: cdpl_server.c:2558: in cdpl_sv_label_task_va(): info: setting task T12 label to "delay__IN2__lh__OUT__lh__ACQ_1 of XNOR"
1701391057.801454: 16559-7fd5b81cc700: cdpl_server_ipc.c:452: in _sv_on_hello(): info: W1 is `10.182.66.68:36272'
1701391057.801471: 16559-7fd5b81cc700: cdpl_server_ipc.c:454: in _sv_on_hello(): info: W1 log file is /dev/null
1701391057.801480: 16559-7fd5b81cc700: cdpl_server_ipc.c:481: in _sv_on_hello(): info: up to 1 alive workers in B1
1701391057.801551: 16559-7fd5b79cb700: cdpl_server_sched.c:955: in _assign(): info: assigning task T3 to worker W1
1701391065.399327: 16559-7fd5b81cc700: cdpl_server_ipc.c:857: in _sv_on_finish(): info: worker W1 completed task T3
1701391065.399383: 16559-7fd5b79cb700: cdpl_server_sched.c:955: in _assign(): info: assigning task T4 to worker W1
1701391072.617908: 16559-7fd5b81cc700: cdpl_server_ipc.c:857: in _sv_on_finish(): info: worker W1 completed task T4
1701391072.618199: 16559-7fd5b79cb700: cdpl_server_sched.c:955: in _assign(): info: assigning task T5 to worker W1
1701391079.769282: 16559-7fd5b81cc700: cdpl_server_ipc.c:857: in _sv_on_finish(): info: worker W1 completed task T5
1701391079.769332: 16559-7fd5b79cb700: cdpl_server_sched.c:955: in _assign(): info: assigning task T6 to worker W1
1701391087.351623: 16559-7fd5b81cc700: cdpl_server_ipc.c:857: in _sv_on_finish(): info: worker W1 completed task T6
1701391087.351682: 16559-7fd5b79cb700: cdpl_server_sched.c:955: in _assign(): info: assigning task T9 to worker W1
1701391094.755175: 16559-7fd5b81cc700: cdpl_server_ipc.c:857: in _sv_on_finish(): info: worker W1 completed task T9
1701391094.755224: 16559-7fd5b79cb700: cdpl_server_sched.c:955: in _assign(): info: assigning task T10 to worker W1
1701391101.996195: 16559-7fd5b81cc700: cdpl_server_ipc.c:857: in _sv_on_finish(): info: worker W1 completed task T10
1701391101.996245: 16559-7fd5b79cb700: cdpl_server_sched.c:955: in _assign(): info: assigning task T11 to worker W1
1701391109.110452: 16559-7fd5b81cc700: cdpl_server_ipc.c:857: in _sv_on_finish(): info: worker W1 completed task T11
1701391109.110487: 16559-7fd5b79cb700: cdpl_server_sched.c:955: in _assign(): info: assigning task T12 to worker W1
1701391116.335255: 16559-7fd5b81cc700: cdpl_server_ipc.c:857: in _sv_on_finish(): info: worker W1 completed task T12
1701391116.335290: 16559-7fd5b79cb700: cdpl_server_sched.c:955: in _assign(): info: assigning task T0 to worker W1
1701391123.256530: 16559-7fd5b81cc700: cdpl_server_ipc.c:857: in _sv_on_finish(): info: worker W1 completed task T0
1701391123.256867: 16559-7fd5b79cb700: cdpl_server_sched.c:955: in _assign(): info: assigning task T1 to worker W1
1701391130.235616: 16559-7fd5b81cc700: cdpl_server_ipc.c:857: in _sv_on_finish(): info: worker W1 completed task T1
1701391130.235673: 16559-7fd5b79cb700: cdpl_server_sched.c:955: in _assign(): info: assigning task T2 to worker W1
1701391137.249283: 16559-7fd5b81cc700: cdpl_server_ipc.c:857: in _sv_on_finish(): info: worker W1 completed task T2
1701391137.249338: 16559-7fd5b79cb700: cdpl_server_sched.c:955: in _assign(): info: assigning task T7 to worker W1
1701391144.249683: 16559-7fd5b81cc700: cdpl_server_ipc.c:857: in _sv_on_finish(): info: worker W1 completed task T7
1701391144.249731: 16559-7fd5b79cb700: cdpl_server_sched.c:955: in _assign(): info: assigning task T8 to worker W1
1701391151.278994: 16559-7fd5b81cc700: cdpl_server_ipc.c:857: in _sv_on_finish(): info: worker W1 completed task T8
1701391166.353667: 16559-7fd5cfcc60c0: cdpl_compat_master.c:5152: in cdplMasterLogInfo(): info: [non-CDPL log entry] Ending current CDPL job
1701391166.353844: 16559-7fd5cfcc60c0: cdpl_server.c:2890: in cdpl_sv_halt_job_errno(): info: stopping job J1
1701391166.353935: 16559-7fd5b79cb700: cdpl_server_sched.c:2711: in _sv_drop_worker(): info: down to 0 alive workers in B1
1701391166.353989: 16559-7fd5cfcc60c0: cdpl_server.c:2875: in cdpl_sv_halt_job_errno(): info: killing job J1
1701391166.353994: 16559-7fd5cfcc60c0: cdpl_server.c:288: in _sv_free_job(): info: freeing job J1
1701391166.354027: 16559-7fd5cfcc60c0: cdpl_farm.c:2395: in cdpl_farm_free(): info: freeing farm
1701391166.354210: 16559-7fd5cfcc60c0: cdpl_server.c:3011: in cdpl_sv_free(): info: freeing server S537753960
1701391166.354213: 16559-7fd5cfcc60c0: cdpl_server.c:2976: in cdpl_sv_kill_errno(): info: killing server
1701391166.354242: 16559-7fd5cfcc60c0: cdpl_server.c:328: in _sv_free_master(): info: freeing master M1
1701391166.354285: 16559-7fd5cfcc60c0: cdpl_log.c:371: in cdpl_log_close(): info: @@end_of_log@@
