1701390518.664599: 14487-7fc94674f0c0: cdpl_log.c:228: in cdpl_log_open(): info: @@start_of_log@@
1701390518.664623: 14487-7fc94674f0c0: cdpl_log.c:866: in cdpl_log_dump_sysinfo(): info: time: 2023/11/30 18:28:38 CST -0600
1701390518.664627: 14487-7fc94674f0c0: cdpl_log.c:868: in cdpl_log_dump_sysinfo(): info: version: T-2022.03 
1701390518.664629: 14487-7fc94674f0c0: cdpl_log.c:870: in cdpl_log_dump_sysinfo(): info: system: Linux 3.10.0-1160.95.1.el7.x86_64 #1 SMP Fri Jun 23 08:44:55 EDT 2023
1701390518.664631: 14487-7fc94674f0c0: cdpl_log.c:875: in cdpl_log_dump_sysinfo(): info: processor: x86_64 64-bits
1701390518.664632: 14487-7fc94674f0c0: cdpl_log.c:879: in cdpl_log_dump_sysinfo(): info: hostname: engnx03a.utdallas.edu
1701390518.664634: 14487-7fc94674f0c0: cdpl_log.c:230: in cdpl_log_open(): debug: path: /home/eng/a/axk220238/vlsi/cad/gf65/primelib_gf65_axk220238_axk230133/AOI22/runtime/cdpl/pid14487/master.engnx03a.utdallas.edu.14487.log
1701390518.664636: 14487-7fc94674f0c0: cdpl_log.c:231: in cdpl_log_open(): debug: dir: /home/eng/a/axk220238/vlsi/cad/gf65/primelib_gf65_axk220238_axk230133/AOI22/runtime/cdpl/pid14487
1701390518.664647: 14487-7fc94674f0c0: cdpl_log.c:758: in cdpl_log_set_filter(): info: filter level 1
1701390518.664664: 14487-7fc94674f0c0: cdpl_server.c:543: in cdpl_sv_init(): info: new server S597672974
1701390518.664670: 14487-7fc94674f0c0: cdpl_ipc.c:3030: in cdpl_ipc_init(): info: requesting IPv4 protocol
1701390518.665153: 14487-7fc94674f0c0: cdpl_ipc.c:800: in _selectaddrfamily(): info: selected IPv4 protocol
1701390518.665450: 14487-7fc94674f0c0: cdpl_server.c:657: in cdpl_sv_new_master(): info: new master M1
1701390518.665460: 14487-7fc94674f0c0: cdpl_server.c:5494: in cdpl_sv_ctl_master(): info: Setting worker heartbeat to 60 seconds
1701390518.665462: 14487-7fc94674f0c0: cdpl_server.c:5503: in cdpl_sv_ctl_master(): info: Setting worker heartbeat timeout to 3 heartbeats
1701390518.665465: 14487-7fc94674f0c0: cdpl_compat_master.c:2407: in cdplInitMaster(): info: bcast dir is `/dev/null'
1701390518.665507: 14487-7fc94674f0c0: cdpl_server.c:5394: in cdpl_sv_ctl_master(): info: farm worker timeout set to 36000
1701390518.665509: 14487-7fc94674f0c0: cdpl_server.c:5410: in cdpl_sv_ctl_master(): info: grid worker timeout set to 36000
1701390518.665511: 14487-7fc94674f0c0: cdpl_server.c:5438: in cdpl_sv_ctl_master(): info: farm submit command failure threshold set to 100
1701390518.665537: 14487-7fc94674f0c0: cdpl_farm.c:2268: in cdpl_farm_new_sh(): info: creating SH farm on localhost
1701390518.665545: 14487-7fc94674f0c0: cdpl_compat_master.c:207: in _set_farm_env(): info: exporting CDPL_LOGDIR as `/home/eng/a/axk220238/vlsi/cad/gf65/primelib_gf65_axk220238_axk230133/AOI22/runtime/cdpl/pid14487'
1701390518.665547: 14487-7fc94674f0c0: cdpl_compat_master.c:213: in _set_farm_env(): info: exporting CDPL_TMPDIR as `/var/tmp'
1701390518.665550: 14487-7fc94674f0c0: cdpl_compat_master.c:220: in _set_farm_env(): info: exporting CDPL_HOME as `/proj/cad/synopsys/synopsys_2021/primelib/T-2022.03-SP1/cdpl_runtime_linux64'
1701390518.665552: 14487-7fc94674f0c0: cdpl_compat_master.c:227: in _set_farm_env(): info: exporting SNPSLMD_LICENSE_FILE as `1700@engdmv.utdallas.edu'
1701390518.665554: 14487-7fc94674f0c0: cdpl_compat_master.c:247: in _set_farm_env(): info: exporting CDPL_OPTIONS as `[filter][nowlogs]'
1701390518.665556: 14487-7fc94674f0c0: cdpl_compat_master.c:254: in _set_farm_env(): info: exporting DISPLAY as `:1015'
1701390518.665558: 14487-7fc94674f0c0: cdpl_compat_master.c:262: in _set_farm_env(): info: exporting CDPL_HEARTBEAT as `60'
1701390518.665560: 14487-7fc94674f0c0: cdpl_compat_master.c:348: in _set_farm_env(): info: exporting SIS_MALIBU as `2'
1701390518.665562: 14487-7fc94674f0c0: cdpl_compat_master.c:348: in _set_farm_env(): info: exporting SIS_CDPL as `5'
1701390518.704139: 14487-7fc94674f0c0: cdpl_server.c:738: in cdpl_sv_new_job(): info: new job J1 in M1
1701390518.704160: 14487-7fc94674f0c0: cdpl_compat_master.c:1314: in _add_worker(): info: new worker type 100, min:1, max:1, cmd:`/home/eng/a/axk220238/vlsi/cad/gf65/primelib_gf65_axk220238_axk230133/AOI22/runtime/cdpl/pid14487/run_14487.sh'
1701390518.704175: 14487-7fc94674f0c0: cdpl_server.c:900: in cdpl_sv_new_bin_withfarm(): info: new bin B1 in J1
1701390518.709290: 14487-7fc94674f0c0: cdpl_server.c:3116: in cdpl_sv_start_job(): info: starting job J1
1701390518.716942: 14487-7fc94674f0c0: cdpl_server.c:1824: in _sv_gen_task(): info: new task T0 in B1 (prio 3)
1701390518.716952: 14487-7fc94674f0c0: cdpl_server.c:2558: in cdpl_sv_label_task_va(): info: setting task T0 label to "leakage_power__ACQ_1 of AOI22"
1701390518.717004: 14487-7fc94674f0c0: cdpl_server.c:1824: in _sv_gen_task(): info: new task T1 in B1 (prio 5)
1701390518.717064: 14487-7fc92e454700: cdpl_server_sched.c:700: in _sv_launch_worker(): info: started worker W1 (as C1) in bin B1
1701390518.717092: 14487-7fc94674f0c0: cdpl_server.c:2558: in cdpl_sv_label_task_va(): info: setting task T1 label to "Cin__VSS__hl__ACQ_1 of AOI22"
1701390518.717108: 14487-7fc92dc53700: cdpl_farm.c:1899: in _schedule(): info: worker submit failure threshold set to 100
1701390518.717163: 14487-7fc94674f0c0: cdpl_server.c:1824: in _sv_gen_task(): info: new task T2 in B1 (prio 5)
1701390518.717172: 14487-7fc94674f0c0: cdpl_server.c:2558: in cdpl_sv_label_task_va(): info: setting task T2 label to "Cin__VSS__lh__ACQ_1 of AOI22"
1701390518.717181: 14487-7fc92dc53700: cdpl_sh.c:49: in _sh_detached_submit(): info: SH : /home/eng/a/axk220238/vlsi/cad/gf65/primelib_gf65_axk220238_axk230133/AOI22/runtime/cdpl/pid14487/run_14487.sh
1701390518.717199: 14487-7fc94674f0c0: cdpl_server.c:1824: in _sv_gen_task(): info: new task T3 in B1 (prio 2)
1701390518.717204: 14487-7fc94674f0c0: cdpl_server.c:2558: in cdpl_sv_label_task_va(): info: setting task T3 label to "delay__IN1__hl__OUT__lh__ACQ_1 of AOI22"
1701390518.720693: 14487-7fc94674f0c0: cdpl_server.c:1824: in _sv_gen_task(): info: new task T4 in B1 (prio 2)
1701390518.720708: 14487-7fc94674f0c0: cdpl_server.c:2558: in cdpl_sv_label_task_va(): info: setting task T4 label to "delay__IN1__lh__OUT__hl__ACQ_1 of AOI22"
1701390518.720784: 14487-7fc94674f0c0: cdpl_server.c:1824: in _sv_gen_task(): info: new task T5 in B1 (prio 5)
1701390518.720789: 14487-7fc94674f0c0: cdpl_server.c:2558: in cdpl_sv_label_task_va(): info: setting task T5 label to "Cin__VDD__hl__ACQ_1 of AOI22"
1701390518.720845: 14487-7fc94674f0c0: cdpl_server.c:1824: in _sv_gen_task(): info: new task T6 in B1 (prio 5)
1701390518.720850: 14487-7fc94674f0c0: cdpl_server.c:2558: in cdpl_sv_label_task_va(): info: setting task T6 label to "Cin__VDD__lh__ACQ_1 of AOI22"
1701390518.720907: 14487-7fc94674f0c0: cdpl_server.c:1824: in _sv_gen_task(): info: new task T7 in B1 (prio 2)
1701390518.720911: 14487-7fc94674f0c0: cdpl_server.c:2558: in cdpl_sv_label_task_va(): info: setting task T7 label to "delay__IN2__hl__OUT__lh__ACQ_1 of AOI22"
1701390518.720956: 14487-7fc94674f0c0: cdpl_server.c:1824: in _sv_gen_task(): info: new task T8 in B1 (prio 2)
1701390518.720958: 14487-7fc94674f0c0: cdpl_server.c:2558: in cdpl_sv_label_task_va(): info: setting task T8 label to "delay__IN2__lh__OUT__hl__ACQ_1 of AOI22"
1701390518.720992: 14487-7fc94674f0c0: cdpl_server.c:1824: in _sv_gen_task(): info: new task T9 in B1 (prio 2)
1701390518.720995: 14487-7fc94674f0c0: cdpl_server.c:2558: in cdpl_sv_label_task_va(): info: setting task T9 label to "delay__IN3__hl__OUT__lh__ACQ_1 of AOI22"
1701390518.721034: 14487-7fc94674f0c0: cdpl_server.c:1824: in _sv_gen_task(): info: new task T10 in B1 (prio 2)
1701390518.721037: 14487-7fc94674f0c0: cdpl_server.c:2558: in cdpl_sv_label_task_va(): info: setting task T10 label to "delay__IN3__lh__OUT__hl__ACQ_1 of AOI22"
1701390518.721072: 14487-7fc94674f0c0: cdpl_server.c:1824: in _sv_gen_task(): info: new task T11 in B1 (prio 2)
1701390518.721075: 14487-7fc94674f0c0: cdpl_server.c:2558: in cdpl_sv_label_task_va(): info: setting task T11 label to "delay__IN4__hl__OUT__lh__ACQ_1 of AOI22"
1701390518.721107: 14487-7fc94674f0c0: cdpl_server.c:1824: in _sv_gen_task(): info: new task T12 in B1 (prio 2)
1701390518.721110: 14487-7fc94674f0c0: cdpl_server.c:2558: in cdpl_sv_label_task_va(): info: setting task T12 label to "delay__IN4__lh__OUT__hl__ACQ_1 of AOI22"
1701390519.393435: 14487-7fc92ec55700: cdpl_server_ipc.c:452: in _sv_on_hello(): info: W1 is `10.182.66.68:53736'
1701390519.393464: 14487-7fc92ec55700: cdpl_server_ipc.c:454: in _sv_on_hello(): info: W1 log file is /dev/null
1701390519.393477: 14487-7fc92ec55700: cdpl_server_ipc.c:481: in _sv_on_hello(): info: up to 1 alive workers in B1
1701390519.393558: 14487-7fc92e454700: cdpl_server_sched.c:955: in _assign(): info: assigning task T3 to worker W1
1701390526.758145: 14487-7fc92ec55700: cdpl_server_ipc.c:857: in _sv_on_finish(): info: worker W1 completed task T3
1701390526.758192: 14487-7fc92e454700: cdpl_server_sched.c:955: in _assign(): info: assigning task T4 to worker W1
1701390533.914046: 14487-7fc92ec55700: cdpl_server_ipc.c:857: in _sv_on_finish(): info: worker W1 completed task T4
1701390533.914093: 14487-7fc92e454700: cdpl_server_sched.c:955: in _assign(): info: assigning task T7 to worker W1
1701390541.088195: 14487-7fc92ec55700: cdpl_server_ipc.c:857: in _sv_on_finish(): info: worker W1 completed task T7
1701390541.088239: 14487-7fc92e454700: cdpl_server_sched.c:955: in _assign(): info: assigning task T8 to worker W1
1701390548.100344: 14487-7fc92ec55700: cdpl_server_ipc.c:857: in _sv_on_finish(): info: worker W1 completed task T8
1701390548.100399: 14487-7fc92e454700: cdpl_server_sched.c:955: in _assign(): info: assigning task T9 to worker W1
1701390555.507660: 14487-7fc92ec55700: cdpl_server_ipc.c:857: in _sv_on_finish(): info: worker W1 completed task T9
1701390555.508008: 14487-7fc92e454700: cdpl_server_sched.c:955: in _assign(): info: assigning task T10 to worker W1
1701390562.537663: 14487-7fc92ec55700: cdpl_server_ipc.c:857: in _sv_on_finish(): info: worker W1 completed task T10
1701390562.538016: 14487-7fc92e454700: cdpl_server_sched.c:955: in _assign(): info: assigning task T11 to worker W1
1701390569.694221: 14487-7fc92ec55700: cdpl_server_ipc.c:857: in _sv_on_finish(): info: worker W1 completed task T11
1701390569.694283: 14487-7fc92e454700: cdpl_server_sched.c:955: in _assign(): info: assigning task T12 to worker W1
1701390576.663227: 14487-7fc92ec55700: cdpl_server_ipc.c:857: in _sv_on_finish(): info: worker W1 completed task T12
1701390576.663263: 14487-7fc92e454700: cdpl_server_sched.c:955: in _assign(): info: assigning task T0 to worker W1
1701390583.586882: 14487-7fc92ec55700: cdpl_server_ipc.c:857: in _sv_on_finish(): info: worker W1 completed task T0
1701390583.586940: 14487-7fc92e454700: cdpl_server_sched.c:955: in _assign(): info: assigning task T1 to worker W1
1701390590.483386: 14487-7fc92ec55700: cdpl_server_ipc.c:857: in _sv_on_finish(): info: worker W1 completed task T1
1701390590.483432: 14487-7fc92e454700: cdpl_server_sched.c:955: in _assign(): info: assigning task T2 to worker W1
1701390597.540891: 14487-7fc92ec55700: cdpl_server_ipc.c:857: in _sv_on_finish(): info: worker W1 completed task T2
1701390597.540928: 14487-7fc92e454700: cdpl_server_sched.c:955: in _assign(): info: assigning task T5 to worker W1
1701390604.531912: 14487-7fc92ec55700: cdpl_server_ipc.c:857: in _sv_on_finish(): info: worker W1 completed task T5
1701390604.531956: 14487-7fc92e454700: cdpl_server_sched.c:955: in _assign(): info: assigning task T6 to worker W1
1701390611.432025: 14487-7fc92ec55700: cdpl_server_ipc.c:857: in _sv_on_finish(): info: worker W1 completed task T6
1701390629.135172: 14487-7fc94674f0c0: cdpl_compat_master.c:5152: in cdplMasterLogInfo(): info: [non-CDPL log entry] Ending current CDPL job
1701390629.135379: 14487-7fc94674f0c0: cdpl_server.c:2890: in cdpl_sv_halt_job_errno(): info: stopping job J1
1701390629.135483: 14487-7fc92e454700: cdpl_server_sched.c:2711: in _sv_drop_worker(): info: down to 0 alive workers in B1
1701390629.135540: 14487-7fc94674f0c0: cdpl_server.c:2875: in cdpl_sv_halt_job_errno(): info: killing job J1
1701390629.135546: 14487-7fc94674f0c0: cdpl_server.c:288: in _sv_free_job(): info: freeing job J1
1701390629.135570: 14487-7fc94674f0c0: cdpl_farm.c:2395: in cdpl_farm_free(): info: freeing farm
1701390629.135839: 14487-7fc94674f0c0: cdpl_server.c:3011: in cdpl_sv_free(): info: freeing server S597672974
1701390629.135842: 14487-7fc94674f0c0: cdpl_server.c:2976: in cdpl_sv_kill_errno(): info: killing server
1701390629.136387: 14487-7fc94674f0c0: cdpl_server.c:328: in _sv_free_master(): info: freeing master M1
1701390629.136424: 14487-7fc94674f0c0: cdpl_log.c:371: in cdpl_log_close(): info: @@end_of_log@@
