1701390860.409158: 7330-7fcbbe01e0c0: cdpl_log.c:228: in cdpl_log_open(): info: @@start_of_log@@
1701390860.409186: 7330-7fcbbe01e0c0: cdpl_log.c:866: in cdpl_log_dump_sysinfo(): info: time: 2023/11/30 18:34:20 CST -0600
1701390860.409191: 7330-7fcbbe01e0c0: cdpl_log.c:868: in cdpl_log_dump_sysinfo(): info: version: T-2022.03 
1701390860.409193: 7330-7fcbbe01e0c0: cdpl_log.c:870: in cdpl_log_dump_sysinfo(): info: system: Linux 3.10.0-1160.95.1.el7.x86_64 #1 SMP Fri Jun 23 08:44:55 EDT 2023
1701390860.409194: 7330-7fcbbe01e0c0: cdpl_log.c:875: in cdpl_log_dump_sysinfo(): info: processor: x86_64 64-bits
1701390860.409196: 7330-7fcbbe01e0c0: cdpl_log.c:879: in cdpl_log_dump_sysinfo(): info: hostname: engnx03a.utdallas.edu
1701390860.409198: 7330-7fcbbe01e0c0: cdpl_log.c:230: in cdpl_log_open(): debug: path: /home/eng/a/axk220238/vlsi/cad/gf65/primelib_gf65_axk220238_axk230133/OR/runtime/cdpl/pid7330/master.engnx03a.utdallas.edu.7330.log
1701390860.409200: 7330-7fcbbe01e0c0: cdpl_log.c:231: in cdpl_log_open(): debug: dir: /home/eng/a/axk220238/vlsi/cad/gf65/primelib_gf65_axk220238_axk230133/OR/runtime/cdpl/pid7330
1701390860.409204: 7330-7fcbbe01e0c0: cdpl_log.c:758: in cdpl_log_set_filter(): info: filter level 1
1701390860.409225: 7330-7fcbbe01e0c0: cdpl_server.c:543: in cdpl_sv_init(): info: new server S1316154310
1701390860.409233: 7330-7fcbbe01e0c0: cdpl_ipc.c:3030: in cdpl_ipc_init(): info: requesting IPv4 protocol
1701390860.409863: 7330-7fcbbe01e0c0: cdpl_ipc.c:800: in _selectaddrfamily(): info: selected IPv4 protocol
1701390860.410182: 7330-7fcbbe01e0c0: cdpl_server.c:657: in cdpl_sv_new_master(): info: new master M1
1701390860.410197: 7330-7fcbbe01e0c0: cdpl_server.c:5494: in cdpl_sv_ctl_master(): info: Setting worker heartbeat to 60 seconds
1701390860.410199: 7330-7fcbbe01e0c0: cdpl_server.c:5503: in cdpl_sv_ctl_master(): info: Setting worker heartbeat timeout to 3 heartbeats
1701390860.410202: 7330-7fcbbe01e0c0: cdpl_compat_master.c:2407: in cdplInitMaster(): info: bcast dir is `/dev/null'
1701390860.410249: 7330-7fcbbe01e0c0: cdpl_server.c:5394: in cdpl_sv_ctl_master(): info: farm worker timeout set to 36000
1701390860.410251: 7330-7fcbbe01e0c0: cdpl_server.c:5410: in cdpl_sv_ctl_master(): info: grid worker timeout set to 36000
1701390860.410253: 7330-7fcbbe01e0c0: cdpl_server.c:5438: in cdpl_sv_ctl_master(): info: farm submit command failure threshold set to 100
1701390860.410283: 7330-7fcbbe01e0c0: cdpl_farm.c:2268: in cdpl_farm_new_sh(): info: creating SH farm on localhost
1701390860.410297: 7330-7fcbbe01e0c0: cdpl_compat_master.c:207: in _set_farm_env(): info: exporting CDPL_LOGDIR as `/home/eng/a/axk220238/vlsi/cad/gf65/primelib_gf65_axk220238_axk230133/OR/runtime/cdpl/pid7330'
1701390860.410301: 7330-7fcbbe01e0c0: cdpl_compat_master.c:213: in _set_farm_env(): info: exporting CDPL_TMPDIR as `/var/tmp'
1701390860.410303: 7330-7fcbbe01e0c0: cdpl_compat_master.c:220: in _set_farm_env(): info: exporting CDPL_HOME as `/proj/cad/synopsys/synopsys_2021/primelib/T-2022.03-SP1/cdpl_runtime_linux64'
1701390860.410305: 7330-7fcbbe01e0c0: cdpl_compat_master.c:227: in _set_farm_env(): info: exporting SNPSLMD_LICENSE_FILE as `1700@engdmv.utdallas.edu'
1701390860.410308: 7330-7fcbbe01e0c0: cdpl_compat_master.c:247: in _set_farm_env(): info: exporting CDPL_OPTIONS as `[filter][nowlogs]'
1701390860.410310: 7330-7fcbbe01e0c0: cdpl_compat_master.c:254: in _set_farm_env(): info: exporting DISPLAY as `:1015'
1701390860.410312: 7330-7fcbbe01e0c0: cdpl_compat_master.c:262: in _set_farm_env(): info: exporting CDPL_HEARTBEAT as `60'
1701390860.410316: 7330-7fcbbe01e0c0: cdpl_compat_master.c:348: in _set_farm_env(): info: exporting SIS_MALIBU as `2'
1701390860.410318: 7330-7fcbbe01e0c0: cdpl_compat_master.c:348: in _set_farm_env(): info: exporting SIS_CDPL as `5'
1701390860.453052: 7330-7fcbbe01e0c0: cdpl_server.c:738: in cdpl_sv_new_job(): info: new job J1 in M1
1701390860.453072: 7330-7fcbbe01e0c0: cdpl_compat_master.c:1314: in _add_worker(): info: new worker type 100, min:1, max:1, cmd:`/home/eng/a/axk220238/vlsi/cad/gf65/primelib_gf65_axk220238_axk230133/OR/runtime/cdpl/pid7330/run_7330.sh'
1701390860.453085: 7330-7fcbbe01e0c0: cdpl_server.c:900: in cdpl_sv_new_bin_withfarm(): info: new bin B1 in J1
1701390860.458218: 7330-7fcbbe01e0c0: cdpl_server.c:3116: in cdpl_sv_start_job(): info: starting job J1
1701390860.470043: 7330-7fcbbe01e0c0: cdpl_server.c:1824: in _sv_gen_task(): info: new task T0 in B1 (prio 3)
1701390860.470064: 7330-7fcbbe01e0c0: cdpl_server.c:2558: in cdpl_sv_label_task_va(): info: setting task T0 label to "leakage_power__ACQ_1 of OR"
1701390860.470178: 7330-7fcbbe01e0c0: cdpl_server.c:1824: in _sv_gen_task(): info: new task T1 in B1 (prio 5)
1701390860.470236: 7330-7fcba5d23700: cdpl_server_sched.c:700: in _sv_launch_worker(): info: started worker W1 (as C1) in bin B1
1701390860.470263: 7330-7fcbbe01e0c0: cdpl_server.c:2558: in cdpl_sv_label_task_va(): info: setting task T1 label to "Cin__VSS__lh__ACQ_1 of OR"
1701390860.470270: 7330-7fcba5522700: cdpl_farm.c:1899: in _schedule(): info: worker submit failure threshold set to 100
1701390860.470295: 7330-7fcba5522700: cdpl_sh.c:49: in _sh_detached_submit(): info: SH : /home/eng/a/axk220238/vlsi/cad/gf65/primelib_gf65_axk220238_axk230133/OR/runtime/cdpl/pid7330/run_7330.sh
1701390860.470310: 7330-7fcbbe01e0c0: cdpl_server.c:1824: in _sv_gen_task(): info: new task T2 in B1 (prio 5)
1701390860.470317: 7330-7fcbbe01e0c0: cdpl_server.c:2558: in cdpl_sv_label_task_va(): info: setting task T2 label to "Cin__VSS__hl__ACQ_1 of OR"
1701390860.473708: 7330-7fcbbe01e0c0: cdpl_server.c:1824: in _sv_gen_task(): info: new task T3 in B1 (prio 2)
1701390860.473727: 7330-7fcbbe01e0c0: cdpl_server.c:2558: in cdpl_sv_label_task_va(): info: setting task T3 label to "delay__IN1__lh__OUT__lh__ACQ_1 of OR"
1701390860.473797: 7330-7fcbbe01e0c0: cdpl_server.c:1824: in _sv_gen_task(): info: new task T4 in B1 (prio 2)
1701390860.473802: 7330-7fcbbe01e0c0: cdpl_server.c:2558: in cdpl_sv_label_task_va(): info: setting task T4 label to "delay__IN1__hl__OUT__hl__ACQ_1 of OR"
1701390860.473894: 7330-7fcbbe01e0c0: cdpl_server.c:1824: in _sv_gen_task(): info: new task T5 in B1 (prio 2)
1701390860.473899: 7330-7fcbbe01e0c0: cdpl_server.c:2558: in cdpl_sv_label_task_va(): info: setting task T5 label to "delay__IN2__lh__OUT__lh__ACQ_1 of OR"
1701390860.473950: 7330-7fcbbe01e0c0: cdpl_server.c:1824: in _sv_gen_task(): info: new task T6 in B1 (prio 2)
1701390860.473954: 7330-7fcbbe01e0c0: cdpl_server.c:2558: in cdpl_sv_label_task_va(): info: setting task T6 label to "delay__IN2__hl__OUT__hl__ACQ_1 of OR"
1701390860.474001: 7330-7fcbbe01e0c0: cdpl_server.c:1824: in _sv_gen_task(): info: new task T7 in B1 (prio 5)
1701390860.474006: 7330-7fcbbe01e0c0: cdpl_server.c:2558: in cdpl_sv_label_task_va(): info: setting task T7 label to "Cin__VDD__lh__ACQ_1 of OR"
1701390860.474064: 7330-7fcbbe01e0c0: cdpl_server.c:1824: in _sv_gen_task(): info: new task T8 in B1 (prio 5)
1701390860.474068: 7330-7fcbbe01e0c0: cdpl_server.c:2558: in cdpl_sv_label_task_va(): info: setting task T8 label to "Cin__VDD__hl__ACQ_1 of OR"
1701390861.184673: 7330-7fcba6524700: cdpl_server_ipc.c:452: in _sv_on_hello(): info: W1 is `10.182.66.68:39952'
1701390861.184693: 7330-7fcba6524700: cdpl_server_ipc.c:454: in _sv_on_hello(): info: W1 log file is /dev/null
1701390861.184701: 7330-7fcba6524700: cdpl_server_ipc.c:481: in _sv_on_hello(): info: up to 1 alive workers in B1
1701390861.184742: 7330-7fcba5d23700: cdpl_server_sched.c:955: in _assign(): info: assigning task T3 to worker W1
1701390868.565890: 7330-7fcba6524700: cdpl_server_ipc.c:857: in _sv_on_finish(): info: worker W1 completed task T3
1701390868.565928: 7330-7fcba5d23700: cdpl_server_sched.c:955: in _assign(): info: assigning task T4 to worker W1
1701390875.703908: 7330-7fcba6524700: cdpl_server_ipc.c:857: in _sv_on_finish(): info: worker W1 completed task T4
1701390875.704164: 7330-7fcba5d23700: cdpl_server_sched.c:955: in _assign(): info: assigning task T5 to worker W1
1701390882.756097: 7330-7fcba6524700: cdpl_server_ipc.c:857: in _sv_on_finish(): info: worker W1 completed task T5
1701390882.756324: 7330-7fcba5d23700: cdpl_server_sched.c:955: in _assign(): info: assigning task T6 to worker W1
1701390890.156883: 7330-7fcba6524700: cdpl_server_ipc.c:857: in _sv_on_finish(): info: worker W1 completed task T6
1701390890.156936: 7330-7fcba5d23700: cdpl_server_sched.c:955: in _assign(): info: assigning task T0 to worker W1
1701390897.139509: 7330-7fcba6524700: cdpl_server_ipc.c:857: in _sv_on_finish(): info: worker W1 completed task T0
1701390897.139554: 7330-7fcba5d23700: cdpl_server_sched.c:955: in _assign(): info: assigning task T1 to worker W1
1701390904.364523: 7330-7fcba6524700: cdpl_server_ipc.c:857: in _sv_on_finish(): info: worker W1 completed task T1
1701390904.364576: 7330-7fcba5d23700: cdpl_server_sched.c:955: in _assign(): info: assigning task T2 to worker W1
1701390911.432207: 7330-7fcba6524700: cdpl_server_ipc.c:857: in _sv_on_finish(): info: worker W1 completed task T2
1701390911.432238: 7330-7fcba5d23700: cdpl_server_sched.c:955: in _assign(): info: assigning task T7 to worker W1
1701390918.225633: 7330-7fcba6524700: cdpl_server_ipc.c:857: in _sv_on_finish(): info: worker W1 completed task T7
1701390918.225665: 7330-7fcba5d23700: cdpl_server_sched.c:955: in _assign(): info: assigning task T8 to worker W1
1701390925.450142: 7330-7fcba6524700: cdpl_server_ipc.c:857: in _sv_on_finish(): info: worker W1 completed task T8
1701390940.841335: 7330-7fcbbe01e0c0: cdpl_compat_master.c:5152: in cdplMasterLogInfo(): info: [non-CDPL log entry] Ending current CDPL job
1701390940.841580: 7330-7fcbbe01e0c0: cdpl_server.c:2890: in cdpl_sv_halt_job_errno(): info: stopping job J1
1701390940.841713: 7330-7fcba5d23700: cdpl_server_sched.c:2711: in _sv_drop_worker(): info: down to 0 alive workers in B1
1701390940.841766: 7330-7fcbbe01e0c0: cdpl_server.c:2875: in cdpl_sv_halt_job_errno(): info: killing job J1
1701390940.841773: 7330-7fcbbe01e0c0: cdpl_server.c:288: in _sv_free_job(): info: freeing job J1
1701390940.841845: 7330-7fcbbe01e0c0: cdpl_farm.c:2395: in cdpl_farm_free(): info: freeing farm
1701390940.842082: 7330-7fcbbe01e0c0: cdpl_server.c:3011: in cdpl_sv_free(): info: freeing server S1316154310
1701390940.842085: 7330-7fcbbe01e0c0: cdpl_server.c:2976: in cdpl_sv_kill_errno(): info: killing server
1701390940.842336: 7330-7fcbbe01e0c0: cdpl_server.c:328: in _sv_free_master(): info: freeing master M1
1701390940.842388: 7330-7fcbbe01e0c0: cdpl_log.c:371: in cdpl_log_close(): info: @@end_of_log@@
