1701390777.483298: 3403-7f2b1db8b0c0: cdpl_log.c:228: in cdpl_log_open(): info: @@start_of_log@@
1701390777.483325: 3403-7f2b1db8b0c0: cdpl_log.c:866: in cdpl_log_dump_sysinfo(): info: time: 2023/11/30 18:32:57 CST -0600
1701390777.483329: 3403-7f2b1db8b0c0: cdpl_log.c:868: in cdpl_log_dump_sysinfo(): info: version: T-2022.03 
1701390777.483331: 3403-7f2b1db8b0c0: cdpl_log.c:870: in cdpl_log_dump_sysinfo(): info: system: Linux 3.10.0-1160.95.1.el7.x86_64 #1 SMP Fri Jun 23 08:44:55 EDT 2023
1701390777.483333: 3403-7f2b1db8b0c0: cdpl_log.c:875: in cdpl_log_dump_sysinfo(): info: processor: x86_64 64-bits
1701390777.483335: 3403-7f2b1db8b0c0: cdpl_log.c:879: in cdpl_log_dump_sysinfo(): info: hostname: engnx03a.utdallas.edu
1701390777.483337: 3403-7f2b1db8b0c0: cdpl_log.c:230: in cdpl_log_open(): debug: path: /home/eng/a/axk220238/vlsi/cad/gf65/primelib_gf65_axk220238_axk230133/NOR/runtime/cdpl/pid3403/master.engnx03a.utdallas.edu.3403.log
1701390777.483339: 3403-7f2b1db8b0c0: cdpl_log.c:231: in cdpl_log_open(): debug: dir: /home/eng/a/axk220238/vlsi/cad/gf65/primelib_gf65_axk220238_axk230133/NOR/runtime/cdpl/pid3403
1701390777.483344: 3403-7f2b1db8b0c0: cdpl_log.c:758: in cdpl_log_set_filter(): info: filter level 1
1701390777.483376: 3403-7f2b1db8b0c0: cdpl_server.c:543: in cdpl_sv_init(): info: new server S429318566
1701390777.483384: 3403-7f2b1db8b0c0: cdpl_ipc.c:3030: in cdpl_ipc_init(): info: requesting IPv4 protocol
1701390777.485115: 3403-7f2b1db8b0c0: cdpl_ipc.c:800: in _selectaddrfamily(): info: selected IPv4 protocol
1701390777.485559: 3403-7f2b1db8b0c0: cdpl_server.c:657: in cdpl_sv_new_master(): info: new master M1
1701390777.485572: 3403-7f2b1db8b0c0: cdpl_server.c:5494: in cdpl_sv_ctl_master(): info: Setting worker heartbeat to 60 seconds
1701390777.485574: 3403-7f2b1db8b0c0: cdpl_server.c:5503: in cdpl_sv_ctl_master(): info: Setting worker heartbeat timeout to 3 heartbeats
1701390777.485577: 3403-7f2b1db8b0c0: cdpl_compat_master.c:2407: in cdplInitMaster(): info: bcast dir is `/dev/null'
1701390777.485623: 3403-7f2b1db8b0c0: cdpl_server.c:5394: in cdpl_sv_ctl_master(): info: farm worker timeout set to 36000
1701390777.485625: 3403-7f2b1db8b0c0: cdpl_server.c:5410: in cdpl_sv_ctl_master(): info: grid worker timeout set to 36000
1701390777.485627: 3403-7f2b1db8b0c0: cdpl_server.c:5438: in cdpl_sv_ctl_master(): info: farm submit command failure threshold set to 100
1701390777.485654: 3403-7f2b1db8b0c0: cdpl_farm.c:2268: in cdpl_farm_new_sh(): info: creating SH farm on localhost
1701390777.485664: 3403-7f2b1db8b0c0: cdpl_compat_master.c:207: in _set_farm_env(): info: exporting CDPL_LOGDIR as `/home/eng/a/axk220238/vlsi/cad/gf65/primelib_gf65_axk220238_axk230133/NOR/runtime/cdpl/pid3403'
1701390777.485667: 3403-7f2b1db8b0c0: cdpl_compat_master.c:213: in _set_farm_env(): info: exporting CDPL_TMPDIR as `/var/tmp'
1701390777.485669: 3403-7f2b1db8b0c0: cdpl_compat_master.c:220: in _set_farm_env(): info: exporting CDPL_HOME as `/proj/cad/synopsys/synopsys_2021/primelib/T-2022.03-SP1/cdpl_runtime_linux64'
1701390777.485671: 3403-7f2b1db8b0c0: cdpl_compat_master.c:227: in _set_farm_env(): info: exporting SNPSLMD_LICENSE_FILE as `1700@engdmv.utdallas.edu'
1701390777.485673: 3403-7f2b1db8b0c0: cdpl_compat_master.c:247: in _set_farm_env(): info: exporting CDPL_OPTIONS as `[filter][nowlogs]'
1701390777.485675: 3403-7f2b1db8b0c0: cdpl_compat_master.c:254: in _set_farm_env(): info: exporting DISPLAY as `:1015'
1701390777.485677: 3403-7f2b1db8b0c0: cdpl_compat_master.c:262: in _set_farm_env(): info: exporting CDPL_HEARTBEAT as `60'
1701390777.485680: 3403-7f2b1db8b0c0: cdpl_compat_master.c:348: in _set_farm_env(): info: exporting SIS_MALIBU as `2'
1701390777.485682: 3403-7f2b1db8b0c0: cdpl_compat_master.c:348: in _set_farm_env(): info: exporting SIS_CDPL as `5'
1701390777.531564: 3403-7f2b1db8b0c0: cdpl_server.c:738: in cdpl_sv_new_job(): info: new job J1 in M1
1701390777.531583: 3403-7f2b1db8b0c0: cdpl_compat_master.c:1314: in _add_worker(): info: new worker type 100, min:1, max:1, cmd:`/home/eng/a/axk220238/vlsi/cad/gf65/primelib_gf65_axk220238_axk230133/NOR/runtime/cdpl/pid3403/run_3403.sh'
1701390777.531594: 3403-7f2b1db8b0c0: cdpl_server.c:900: in cdpl_sv_new_bin_withfarm(): info: new bin B1 in J1
1701390777.536927: 3403-7f2b1db8b0c0: cdpl_server.c:3116: in cdpl_sv_start_job(): info: starting job J1
1701390777.544955: 3403-7f2b1db8b0c0: cdpl_server.c:1824: in _sv_gen_task(): info: new task T0 in B1 (prio 3)
1701390777.544966: 3403-7f2b1db8b0c0: cdpl_server.c:2558: in cdpl_sv_label_task_va(): info: setting task T0 label to "leakage_power__ACQ_1 of NOR"
1701390777.545026: 3403-7f2b1db8b0c0: cdpl_server.c:1824: in _sv_gen_task(): info: new task T1 in B1 (prio 5)
1701390777.545092: 3403-7f2b05890700: cdpl_server_sched.c:700: in _sv_launch_worker(): info: started worker W1 (as C1) in bin B1
1701390777.545116: 3403-7f2b1db8b0c0: cdpl_server.c:2558: in cdpl_sv_label_task_va(): info: setting task T1 label to "Cin__VSS__lh__ACQ_1 of NOR"
1701390777.545137: 3403-7f2b0508f700: cdpl_farm.c:1899: in _schedule(): info: worker submit failure threshold set to 100
1701390777.545166: 3403-7f2b1db8b0c0: cdpl_server.c:1824: in _sv_gen_task(): info: new task T2 in B1 (prio 5)
1701390777.545174: 3403-7f2b1db8b0c0: cdpl_server.c:2558: in cdpl_sv_label_task_va(): info: setting task T2 label to "Cin__VSS__hl__ACQ_1 of NOR"
1701390777.545184: 3403-7f2b0508f700: cdpl_sh.c:49: in _sh_detached_submit(): info: SH : /home/eng/a/axk220238/vlsi/cad/gf65/primelib_gf65_axk220238_axk230133/NOR/runtime/cdpl/pid3403/run_3403.sh
1701390777.545199: 3403-7f2b1db8b0c0: cdpl_server.c:1824: in _sv_gen_task(): info: new task T3 in B1 (prio 2)
1701390777.545203: 3403-7f2b1db8b0c0: cdpl_server.c:2558: in cdpl_sv_label_task_va(): info: setting task T3 label to "delay__IN1__lh__OUT__hl__ACQ_1 of NOR"
1701390777.548401: 3403-7f2b1db8b0c0: cdpl_server.c:1824: in _sv_gen_task(): info: new task T4 in B1 (prio 2)
1701390777.548417: 3403-7f2b1db8b0c0: cdpl_server.c:2558: in cdpl_sv_label_task_va(): info: setting task T4 label to "delay__IN1__hl__OUT__lh__ACQ_1 of NOR"
1701390777.548586: 3403-7f2b1db8b0c0: cdpl_server.c:1824: in _sv_gen_task(): info: new task T5 in B1 (prio 2)
1701390777.548590: 3403-7f2b1db8b0c0: cdpl_server.c:2558: in cdpl_sv_label_task_va(): info: setting task T5 label to "delay__IN2__lh__OUT__hl__ACQ_1 of NOR"
1701390777.548625: 3403-7f2b1db8b0c0: cdpl_server.c:1824: in _sv_gen_task(): info: new task T6 in B1 (prio 2)
1701390777.548628: 3403-7f2b1db8b0c0: cdpl_server.c:2558: in cdpl_sv_label_task_va(): info: setting task T6 label to "delay__IN2__hl__OUT__lh__ACQ_1 of NOR"
1701390777.548662: 3403-7f2b1db8b0c0: cdpl_server.c:1824: in _sv_gen_task(): info: new task T7 in B1 (prio 5)
1701390777.548665: 3403-7f2b1db8b0c0: cdpl_server.c:2558: in cdpl_sv_label_task_va(): info: setting task T7 label to "Cin__VDD__lh__ACQ_1 of NOR"
1701390777.548710: 3403-7f2b1db8b0c0: cdpl_server.c:1824: in _sv_gen_task(): info: new task T8 in B1 (prio 5)
1701390777.548712: 3403-7f2b1db8b0c0: cdpl_server.c:2558: in cdpl_sv_label_task_va(): info: setting task T8 label to "Cin__VDD__hl__ACQ_1 of NOR"
1701390778.236954: 3403-7f2b06091700: cdpl_server_ipc.c:452: in _sv_on_hello(): info: W1 is `10.182.66.68:38736'
1701390778.236971: 3403-7f2b06091700: cdpl_server_ipc.c:454: in _sv_on_hello(): info: W1 log file is /dev/null
1701390778.236978: 3403-7f2b06091700: cdpl_server_ipc.c:481: in _sv_on_hello(): info: up to 1 alive workers in B1
1701390778.237048: 3403-7f2b05890700: cdpl_server_sched.c:955: in _assign(): info: assigning task T3 to worker W1
1701390785.777846: 3403-7f2b06091700: cdpl_server_ipc.c:857: in _sv_on_finish(): info: worker W1 completed task T3
1701390785.778140: 3403-7f2b05890700: cdpl_server_sched.c:955: in _assign(): info: assigning task T4 to worker W1
1701390793.171933: 3403-7f2b06091700: cdpl_server_ipc.c:857: in _sv_on_finish(): info: worker W1 completed task T4
1701390793.171991: 3403-7f2b05890700: cdpl_server_sched.c:955: in _assign(): info: assigning task T5 to worker W1
1701390800.275820: 3403-7f2b06091700: cdpl_server_ipc.c:857: in _sv_on_finish(): info: worker W1 completed task T5
1701390800.275868: 3403-7f2b05890700: cdpl_server_sched.c:955: in _assign(): info: assigning task T6 to worker W1
1701390807.427647: 3403-7f2b06091700: cdpl_server_ipc.c:857: in _sv_on_finish(): info: worker W1 completed task T6
1701390807.427934: 3403-7f2b05890700: cdpl_server_sched.c:955: in _assign(): info: assigning task T0 to worker W1
1701390814.388763: 3403-7f2b06091700: cdpl_server_ipc.c:857: in _sv_on_finish(): info: worker W1 completed task T0
1701390814.388803: 3403-7f2b05890700: cdpl_server_sched.c:955: in _assign(): info: assigning task T1 to worker W1
1701390821.435767: 3403-7f2b06091700: cdpl_server_ipc.c:857: in _sv_on_finish(): info: worker W1 completed task T1
1701390821.435800: 3403-7f2b05890700: cdpl_server_sched.c:955: in _assign(): info: assigning task T2 to worker W1
1701390828.619791: 3403-7f2b06091700: cdpl_server_ipc.c:857: in _sv_on_finish(): info: worker W1 completed task T2
1701390828.620111: 3403-7f2b05890700: cdpl_server_sched.c:955: in _assign(): info: assigning task T7 to worker W1
1701390835.653248: 3403-7f2b06091700: cdpl_server_ipc.c:857: in _sv_on_finish(): info: worker W1 completed task T7
1701390835.653293: 3403-7f2b05890700: cdpl_server_sched.c:955: in _assign(): info: assigning task T8 to worker W1
1701390842.623103: 3403-7f2b06091700: cdpl_server_ipc.c:857: in _sv_on_finish(): info: worker W1 completed task T8
1701390857.862845: 3403-7f2b1db8b0c0: cdpl_compat_master.c:5152: in cdplMasterLogInfo(): info: [non-CDPL log entry] Ending current CDPL job
1701390857.862858: 3403-7f2b1db8b0c0: cdpl_server.c:2890: in cdpl_sv_halt_job_errno(): info: stopping job J1
1701390857.862917: 3403-7f2b05890700: cdpl_server_sched.c:2711: in _sv_drop_worker(): info: down to 0 alive workers in B1
1701390857.862971: 3403-7f2b1db8b0c0: cdpl_server.c:2875: in cdpl_sv_halt_job_errno(): info: killing job J1
1701390857.862976: 3403-7f2b1db8b0c0: cdpl_server.c:288: in _sv_free_job(): info: freeing job J1
1701390857.863013: 3403-7f2b1db8b0c0: cdpl_farm.c:2395: in cdpl_farm_free(): info: freeing farm
1701390857.863226: 3403-7f2b1db8b0c0: cdpl_server.c:3011: in cdpl_sv_free(): info: freeing server S429318566
1701390857.863228: 3403-7f2b1db8b0c0: cdpl_server.c:2976: in cdpl_sv_kill_errno(): info: killing server
1701390857.863257: 3403-7f2b1db8b0c0: cdpl_server.c:328: in _sv_free_master(): info: freeing master M1
1701390857.863296: 3403-7f2b1db8b0c0: cdpl_log.c:371: in cdpl_log_close(): info: @@end_of_log@@
