1701390694.526039: 28071-7f3c8c6720c0: cdpl_log.c:228: in cdpl_log_open(): info: @@start_of_log@@
1701390694.526068: 28071-7f3c8c6720c0: cdpl_log.c:866: in cdpl_log_dump_sysinfo(): info: time: 2023/11/30 18:31:34 CST -0600
1701390694.526073: 28071-7f3c8c6720c0: cdpl_log.c:868: in cdpl_log_dump_sysinfo(): info: version: T-2022.03 
1701390694.526074: 28071-7f3c8c6720c0: cdpl_log.c:870: in cdpl_log_dump_sysinfo(): info: system: Linux 3.10.0-1160.95.1.el7.x86_64 #1 SMP Fri Jun 23 08:44:55 EDT 2023
1701390694.526076: 28071-7f3c8c6720c0: cdpl_log.c:875: in cdpl_log_dump_sysinfo(): info: processor: x86_64 64-bits
1701390694.526078: 28071-7f3c8c6720c0: cdpl_log.c:879: in cdpl_log_dump_sysinfo(): info: hostname: engnx03a.utdallas.edu
1701390694.526080: 28071-7f3c8c6720c0: cdpl_log.c:230: in cdpl_log_open(): debug: path: /home/eng/a/axk220238/vlsi/cad/gf65/primelib_gf65_axk220238_axk230133/NAND/runtime/cdpl/pid28071/master.engnx03a.utdallas.edu.28071.log
1701390694.526082: 28071-7f3c8c6720c0: cdpl_log.c:231: in cdpl_log_open(): debug: dir: /home/eng/a/axk220238/vlsi/cad/gf65/primelib_gf65_axk220238_axk230133/NAND/runtime/cdpl/pid28071
1701390694.526089: 28071-7f3c8c6720c0: cdpl_log.c:758: in cdpl_log_set_filter(): info: filter level 1
1701390694.526111: 28071-7f3c8c6720c0: cdpl_server.c:543: in cdpl_sv_init(): info: new server S57904515
1701390694.526120: 28071-7f3c8c6720c0: cdpl_ipc.c:3030: in cdpl_ipc_init(): info: requesting IPv4 protocol
1701390694.526650: 28071-7f3c8c6720c0: cdpl_ipc.c:800: in _selectaddrfamily(): info: selected IPv4 protocol
1701390694.526970: 28071-7f3c8c6720c0: cdpl_server.c:657: in cdpl_sv_new_master(): info: new master M1
1701390694.526984: 28071-7f3c8c6720c0: cdpl_server.c:5494: in cdpl_sv_ctl_master(): info: Setting worker heartbeat to 60 seconds
1701390694.526986: 28071-7f3c8c6720c0: cdpl_server.c:5503: in cdpl_sv_ctl_master(): info: Setting worker heartbeat timeout to 3 heartbeats
1701390694.526990: 28071-7f3c8c6720c0: cdpl_compat_master.c:2407: in cdplInitMaster(): info: bcast dir is `/dev/null'
1701390694.527041: 28071-7f3c8c6720c0: cdpl_server.c:5394: in cdpl_sv_ctl_master(): info: farm worker timeout set to 36000
1701390694.527043: 28071-7f3c8c6720c0: cdpl_server.c:5410: in cdpl_sv_ctl_master(): info: grid worker timeout set to 36000
1701390694.527045: 28071-7f3c8c6720c0: cdpl_server.c:5438: in cdpl_sv_ctl_master(): info: farm submit command failure threshold set to 100
1701390694.527084: 28071-7f3c8c6720c0: cdpl_farm.c:2268: in cdpl_farm_new_sh(): info: creating SH farm on localhost
1701390694.527098: 28071-7f3c8c6720c0: cdpl_compat_master.c:207: in _set_farm_env(): info: exporting CDPL_LOGDIR as `/home/eng/a/axk220238/vlsi/cad/gf65/primelib_gf65_axk220238_axk230133/NAND/runtime/cdpl/pid28071'
1701390694.527101: 28071-7f3c8c6720c0: cdpl_compat_master.c:213: in _set_farm_env(): info: exporting CDPL_TMPDIR as `/var/tmp'
1701390694.527103: 28071-7f3c8c6720c0: cdpl_compat_master.c:220: in _set_farm_env(): info: exporting CDPL_HOME as `/proj/cad/synopsys/synopsys_2021/primelib/T-2022.03-SP1/cdpl_runtime_linux64'
1701390694.527105: 28071-7f3c8c6720c0: cdpl_compat_master.c:227: in _set_farm_env(): info: exporting SNPSLMD_LICENSE_FILE as `1700@engdmv.utdallas.edu'
1701390694.527108: 28071-7f3c8c6720c0: cdpl_compat_master.c:247: in _set_farm_env(): info: exporting CDPL_OPTIONS as `[filter][nowlogs]'
1701390694.527110: 28071-7f3c8c6720c0: cdpl_compat_master.c:254: in _set_farm_env(): info: exporting DISPLAY as `:1015'
1701390694.527112: 28071-7f3c8c6720c0: cdpl_compat_master.c:262: in _set_farm_env(): info: exporting CDPL_HEARTBEAT as `60'
1701390694.527116: 28071-7f3c8c6720c0: cdpl_compat_master.c:348: in _set_farm_env(): info: exporting SIS_MALIBU as `2'
1701390694.527118: 28071-7f3c8c6720c0: cdpl_compat_master.c:348: in _set_farm_env(): info: exporting SIS_CDPL as `5'
1701390694.573949: 28071-7f3c8c6720c0: cdpl_server.c:738: in cdpl_sv_new_job(): info: new job J1 in M1
1701390694.573969: 28071-7f3c8c6720c0: cdpl_compat_master.c:1314: in _add_worker(): info: new worker type 100, min:1, max:1, cmd:`/home/eng/a/axk220238/vlsi/cad/gf65/primelib_gf65_axk220238_axk230133/NAND/runtime/cdpl/pid28071/run_28071.sh'
1701390694.573978: 28071-7f3c8c6720c0: cdpl_server.c:900: in cdpl_sv_new_bin_withfarm(): info: new bin B1 in J1
1701390694.579246: 28071-7f3c8c6720c0: cdpl_server.c:3116: in cdpl_sv_start_job(): info: starting job J1
1701390694.587585: 28071-7f3c8c6720c0: cdpl_server.c:1824: in _sv_gen_task(): info: new task T0 in B1 (prio 3)
1701390694.587598: 28071-7f3c8c6720c0: cdpl_server.c:2558: in cdpl_sv_label_task_va(): info: setting task T0 label to "leakage_power__ACQ_1 of NAND"
1701390694.587673: 28071-7f3c8c6720c0: cdpl_server.c:1824: in _sv_gen_task(): info: new task T1 in B1 (prio 5)
1701390694.587761: 28071-7f3c74377700: cdpl_server_sched.c:700: in _sv_launch_worker(): info: started worker W1 (as C1) in bin B1
1701390694.587796: 28071-7f3c73b76700: cdpl_farm.c:1899: in _schedule(): info: worker submit failure threshold set to 100
1701390694.587817: 28071-7f3c8c6720c0: cdpl_server.c:2558: in cdpl_sv_label_task_va(): info: setting task T1 label to "Cin__VSS__lh__ACQ_1 of NAND"
1701390694.587831: 28071-7f3c73b76700: cdpl_sh.c:49: in _sh_detached_submit(): info: SH : /home/eng/a/axk220238/vlsi/cad/gf65/primelib_gf65_axk220238_axk230133/NAND/runtime/cdpl/pid28071/run_28071.sh
1701390694.590960: 28071-7f3c8c6720c0: cdpl_server.c:1824: in _sv_gen_task(): info: new task T2 in B1 (prio 5)
1701390694.590981: 28071-7f3c8c6720c0: cdpl_server.c:2558: in cdpl_sv_label_task_va(): info: setting task T2 label to "Cin__VSS__hl__ACQ_1 of NAND"
1701390694.591187: 28071-7f3c8c6720c0: cdpl_server.c:1824: in _sv_gen_task(): info: new task T3 in B1 (prio 2)
1701390694.591192: 28071-7f3c8c6720c0: cdpl_server.c:2558: in cdpl_sv_label_task_va(): info: setting task T3 label to "delay__IN1__lh__OUT__hl__ACQ_1 of NAND"
1701390694.591243: 28071-7f3c8c6720c0: cdpl_server.c:1824: in _sv_gen_task(): info: new task T4 in B1 (prio 2)
1701390694.591246: 28071-7f3c8c6720c0: cdpl_server.c:2558: in cdpl_sv_label_task_va(): info: setting task T4 label to "delay__IN1__hl__OUT__lh__ACQ_1 of NAND"
1701390694.591282: 28071-7f3c8c6720c0: cdpl_server.c:1824: in _sv_gen_task(): info: new task T5 in B1 (prio 2)
1701390694.591285: 28071-7f3c8c6720c0: cdpl_server.c:2558: in cdpl_sv_label_task_va(): info: setting task T5 label to "delay__IN2__lh__OUT__hl__ACQ_1 of NAND"
1701390694.591321: 28071-7f3c8c6720c0: cdpl_server.c:1824: in _sv_gen_task(): info: new task T6 in B1 (prio 2)
1701390694.591323: 28071-7f3c8c6720c0: cdpl_server.c:2558: in cdpl_sv_label_task_va(): info: setting task T6 label to "delay__IN2__hl__OUT__lh__ACQ_1 of NAND"
1701390694.591356: 28071-7f3c8c6720c0: cdpl_server.c:1824: in _sv_gen_task(): info: new task T7 in B1 (prio 5)
1701390694.591359: 28071-7f3c8c6720c0: cdpl_server.c:2558: in cdpl_sv_label_task_va(): info: setting task T7 label to "Cin__VDD__lh__ACQ_1 of NAND"
1701390694.591398: 28071-7f3c8c6720c0: cdpl_server.c:1824: in _sv_gen_task(): info: new task T8 in B1 (prio 5)
1701390694.591401: 28071-7f3c8c6720c0: cdpl_server.c:2558: in cdpl_sv_label_task_va(): info: setting task T8 label to "Cin__VDD__hl__ACQ_1 of NAND"
1701390695.286128: 28071-7f3c74b78700: cdpl_server_ipc.c:452: in _sv_on_hello(): info: W1 is `10.182.66.68:39886'
1701390695.286156: 28071-7f3c74b78700: cdpl_server_ipc.c:454: in _sv_on_hello(): info: W1 log file is /dev/null
1701390695.286166: 28071-7f3c74b78700: cdpl_server_ipc.c:481: in _sv_on_hello(): info: up to 1 alive workers in B1
1701390695.286262: 28071-7f3c74377700: cdpl_server_sched.c:955: in _assign(): info: assigning task T3 to worker W1
1701390702.707457: 28071-7f3c74b78700: cdpl_server_ipc.c:857: in _sv_on_finish(): info: worker W1 completed task T3
1701390702.707504: 28071-7f3c74377700: cdpl_server_sched.c:955: in _assign(): info: assigning task T4 to worker W1
1701390709.672634: 28071-7f3c74b78700: cdpl_server_ipc.c:857: in _sv_on_finish(): info: worker W1 completed task T4
1701390709.672676: 28071-7f3c74377700: cdpl_server_sched.c:955: in _assign(): info: assigning task T5 to worker W1
1701390716.601410: 28071-7f3c74b78700: cdpl_server_ipc.c:857: in _sv_on_finish(): info: worker W1 completed task T5
1701390716.601464: 28071-7f3c74377700: cdpl_server_sched.c:955: in _assign(): info: assigning task T6 to worker W1
1701390723.641917: 28071-7f3c74b78700: cdpl_server_ipc.c:857: in _sv_on_finish(): info: worker W1 completed task T6
1701390723.641965: 28071-7f3c74377700: cdpl_server_sched.c:955: in _assign(): info: assigning task T0 to worker W1
1701390730.567838: 28071-7f3c74b78700: cdpl_server_ipc.c:857: in _sv_on_finish(): info: worker W1 completed task T0
1701390730.568142: 28071-7f3c74377700: cdpl_server_sched.c:955: in _assign(): info: assigning task T1 to worker W1
1701390737.605245: 28071-7f3c74b78700: cdpl_server_ipc.c:857: in _sv_on_finish(): info: worker W1 completed task T1
1701390737.605291: 28071-7f3c74377700: cdpl_server_sched.c:955: in _assign(): info: assigning task T2 to worker W1
1701390744.516083: 28071-7f3c74b78700: cdpl_server_ipc.c:857: in _sv_on_finish(): info: worker W1 completed task T2
1701390744.516136: 28071-7f3c74377700: cdpl_server_sched.c:955: in _assign(): info: assigning task T7 to worker W1
1701390751.588639: 28071-7f3c74b78700: cdpl_server_ipc.c:857: in _sv_on_finish(): info: worker W1 completed task T7
1701390751.588691: 28071-7f3c74377700: cdpl_server_sched.c:955: in _assign(): info: assigning task T8 to worker W1
1701390758.710092: 28071-7f3c74b78700: cdpl_server_ipc.c:857: in _sv_on_finish(): info: worker W1 completed task T8
1701390774.899491: 28071-7f3c8c6720c0: cdpl_compat_master.c:5152: in cdplMasterLogInfo(): info: [non-CDPL log entry] Ending current CDPL job
1701390774.899705: 28071-7f3c8c6720c0: cdpl_server.c:2890: in cdpl_sv_halt_job_errno(): info: stopping job J1
1701390774.899946: 28071-7f3c74377700: cdpl_server_sched.c:2711: in _sv_drop_worker(): info: down to 0 alive workers in B1
1701390774.899987: 28071-7f3c8c6720c0: cdpl_server.c:2875: in cdpl_sv_halt_job_errno(): info: killing job J1
1701390774.899993: 28071-7f3c8c6720c0: cdpl_server.c:288: in _sv_free_job(): info: freeing job J1
1701390774.900039: 28071-7f3c8c6720c0: cdpl_farm.c:2395: in cdpl_farm_free(): info: freeing farm
1701390774.900204: 28071-7f3c8c6720c0: cdpl_server.c:3011: in cdpl_sv_free(): info: freeing server S57904515
1701390774.900210: 28071-7f3c8c6720c0: cdpl_server.c:2976: in cdpl_sv_kill_errno(): info: killing server
1701390774.900681: 28071-7f3c8c6720c0: cdpl_server.c:328: in _sv_free_master(): info: freeing master M1
1701390774.900719: 28071-7f3c8c6720c0: cdpl_log.c:371: in cdpl_log_close(): info: @@end_of_log@@
